2024-12-15 16:55:35,685 [Worker-5: Loading available Gradle versions] INFO  o.e.b.c.i.u.g.PublishedGradleVersions - Gradle version information cache is not available. Remote download required.
2024-12-15 16:57:42,072 [Worker-16: Importing Maven projects] INFO  o.e.m.c.i.l.LifecycleMappingFactory - Using org.eclipse.m2e.jdt.JarLifecycleMapping lifecycle mapping for MavenProject: com.example:spring_boot_backend_template:0.0.1-SNAPSHOT @ C:\Users\Diksha\Desktop\Java\ProjectCricket\spring_boot_backend_template\pom.xml.
2024-12-15 16:57:44,718 [Worker-16: Importing Maven projects] INFO  o.e.m.j.i.AbstractJavaProjectConfigurator - Adding source folder /spring_boot_backend_template/src/main/java
2024-12-15 16:57:44,724 [Worker-16: Importing Maven projects] INFO  o.e.m.j.i.AbstractJavaProjectConfigurator - Adding resource folder /spring_boot_backend_template/src/main/resources
2024-12-15 16:57:44,727 [Worker-16: Importing Maven projects] INFO  o.e.m.j.i.AbstractJavaProjectConfigurator - Adding resource folder /spring_boot_backend_template/src/main/resources
2024-12-15 16:57:44,729 [Worker-16: Importing Maven projects] INFO  o.e.m.j.i.AbstractJavaProjectConfigurator - Adding source folder /spring_boot_backend_template/src/test/java
2024-12-15 16:57:44,732 [Worker-16: Importing Maven projects] INFO  o.e.m.j.i.AbstractJavaProjectConfigurator - Adding resource folder /spring_boot_backend_template/src/test/resources
2024-12-15 16:57:45,232 [Worker-16: Importing Maven projects] INFO  o.e.m.c.i.p.ProjectConfigurationManager - Imported and configured 1 project(s) in 5 sec
2024-12-15 16:57:48,022 [Worker-15: Building] INFO  o.a.m.s.f.DefaultMavenResourcesFiltering - Copying 1 resource from src\main\resources to target\classes
2024-12-15 16:57:48,066 [Worker-15: Building] INFO  o.a.m.s.f.DefaultMavenResourcesFiltering - Copying 0 resource from src\main\resources to target\classes
2024-12-15 16:57:48,075 [Worker-15: Building] INFO  o.a.m.s.f.DefaultMavenResourcesFiltering - skip non existing resourceDirectory C:\Users\Diksha\Desktop\Java\ProjectCricket\spring_boot_backend_template\src\test\resources
2024-12-15 17:12:11,422 [Worker-9: Updating Maven Project] INFO  o.e.m.c.i.p.ProjectConfigurationManager - Update started
2024-12-15 17:12:12,144 [Worker-9: Updating Maven Project] INFO  o.e.m.c.i.l.LifecycleMappingFactory - Using org.eclipse.m2e.jdt.JarLifecycleMapping lifecycle mapping for MavenProject: com.example:spring_boot_backend_template:0.0.1-SNAPSHOT @ C:\Users\Diksha\Desktop\Java\ProjectCricket\spring_boot_backend_template\pom.xml.
2024-12-15 17:12:13,084 [Worker-9: Updating Maven Project] INFO  o.e.m.j.i.AbstractJavaProjectConfigurator - Adding source folder /spring_boot_backend_template/src/main/java
2024-12-15 17:12:13,086 [Worker-9: Updating Maven Project] INFO  o.e.m.j.i.AbstractJavaProjectConfigurator - Adding resource folder /spring_boot_backend_template/src/main/resources
2024-12-15 17:12:13,087 [Worker-9: Updating Maven Project] INFO  o.e.m.j.i.AbstractJavaProjectConfigurator - Adding resource folder /spring_boot_backend_template/src/main/resources
2024-12-15 17:12:13,088 [Worker-9: Updating Maven Project] INFO  o.e.m.j.i.AbstractJavaProjectConfigurator - Adding source folder /spring_boot_backend_template/src/test/java
2024-12-15 17:12:13,089 [Worker-9: Updating Maven Project] INFO  o.e.m.j.i.AbstractJavaProjectConfigurator - Adding resource folder /spring_boot_backend_template/src/test/resources
2024-12-15 17:12:13,538 [Worker-9: Updating Maven Project] INFO  o.e.m.c.i.p.ProjectConfigurationManager - Update completed for 1 poms: local refresh takes 0.00 sec, refresh facades takes 1.00 sec, update config takes 0.00 sec 
2024-12-15 17:12:13,998 [Worker-16: Building] INFO  o.a.m.s.f.DefaultMavenResourcesFiltering - Copying 1 resource from src\main\resources to target\classes
2024-12-15 17:12:14,023 [Worker-16: Building] INFO  o.a.m.s.f.DefaultMavenResourcesFiltering - Copying 0 resource from src\main\resources to target\classes
2024-12-15 17:12:14,032 [Worker-16: Building] INFO  o.a.m.s.f.DefaultMavenResourcesFiltering - skip non existing resourceDirectory C:\Users\Diksha\Desktop\Java\ProjectCricket\spring_boot_backend_template\src\test\resources
2024-12-15 17:13:23,639 [Worker-5: Building] INFO  o.e.m.c.i.l.LifecycleMappingFactory - Using org.eclipse.m2e.jdt.JarLifecycleMapping lifecycle mapping for MavenProject: com.example:spring_boot_backend_template:0.0.1-SNAPSHOT @ C:\Users\Diksha\Desktop\Java\ProjectCricket\spring_boot_backend_template\pom.xml.
2024-12-15 17:13:24,621 [Worker-5: Building] INFO  o.a.m.s.f.DefaultMavenResourcesFiltering - Copying 0 resource from src\main\resources to target\classes
2024-12-15 17:13:24,623 [Worker-5: Building] INFO  o.a.m.s.f.DefaultMavenResourcesFiltering - Copying 0 resource from src\main\resources to target\classes
2024-12-15 17:13:24,630 [Worker-5: Building] INFO  o.a.m.s.f.DefaultMavenResourcesFiltering - skip non existing resourceDirectory C:\Users\Diksha\Desktop\Java\ProjectCricket\spring_boot_backend_template\src\test\resources
2024-12-15 17:13:25,845 [Worker-9: Building] INFO  o.a.m.s.f.DefaultMavenResourcesFiltering - Copying 1 resource from src\main\resources to target\classes
2024-12-15 17:13:25,865 [Worker-9: Building] INFO  o.a.m.s.f.DefaultMavenResourcesFiltering - Copying 0 resource from src\main\resources to target\classes
2024-12-15 17:13:25,870 [Worker-9: Building] INFO  o.a.m.s.f.DefaultMavenResourcesFiltering - skip non existing resourceDirectory C:\Users\Diksha\Desktop\Java\ProjectCricket\spring_boot_backend_template\src\test\resources
2024-12-15 17:14:33,328 [Worker-19: Building] INFO  o.a.m.s.f.DefaultMavenResourcesFiltering - Copying 1 resource from src\main\resources to target\classes
2024-12-15 17:14:33,357 [Worker-19: Building] INFO  o.a.m.s.f.DefaultMavenResourcesFiltering - Copying 0 resource from src\main\resources to target\classes
2024-12-15 17:14:33,360 [Worker-19: Building] INFO  o.a.m.s.f.DefaultMavenResourcesFiltering - skip non existing resourceDirectory C:\Users\Diksha\Desktop\Java\ProjectCricket\spring_boot_backend_template\src\test\resources
2024-12-15 17:16:01,781 [Worker-19: Building] INFO  o.a.m.s.f.DefaultMavenResourcesFiltering - Copying 1 resource from src\main\resources to target\classes
2024-12-15 17:16:01,790 [Worker-19: Building] INFO  o.a.m.s.f.DefaultMavenResourcesFiltering - Copying 0 resource from src\main\resources to target\classes
2024-12-15 17:16:01,796 [Worker-19: Building] INFO  o.a.m.s.f.DefaultMavenResourcesFiltering - skip non existing resourceDirectory C:\Users\Diksha\Desktop\Java\ProjectCricket\spring_boot_backend_template\src\test\resources
2024-12-15 17:16:21,898 [Worker-19: Building] INFO  o.e.m.c.i.l.LifecycleMappingFactory - Using org.eclipse.m2e.jdt.JarLifecycleMapping lifecycle mapping for MavenProject: com.cricket:spring_boot_backend_template:0.0.1-SNAPSHOT @ C:\Users\Diksha\Desktop\Java\ProjectCricket\spring_boot_backend_template\pom.xml.
2024-12-15 17:16:22,232 [Worker-19: Building] INFO  o.a.m.s.f.DefaultMavenResourcesFiltering - Copying 0 resource from src\main\resources to target\classes
2024-12-15 17:16:22,234 [Worker-19: Building] INFO  o.a.m.s.f.DefaultMavenResourcesFiltering - Copying 0 resource from src\main\resources to target\classes
2024-12-15 17:16:22,241 [Worker-19: Building] INFO  o.a.m.s.f.DefaultMavenResourcesFiltering - skip non existing resourceDirectory C:\Users\Diksha\Desktop\Java\ProjectCricket\spring_boot_backend_template\src\test\resources
2024-12-15 17:17:00,462 [Worker-17: Building] INFO  o.a.m.s.f.DefaultMavenResourcesFiltering - Copying 1 resource from src\main\resources to target\classes
2024-12-15 17:17:00,492 [Worker-17: Building] INFO  o.a.m.s.f.DefaultMavenResourcesFiltering - Copying 0 resource from src\main\resources to target\classes
2024-12-15 17:17:00,498 [Worker-17: Building] INFO  o.a.m.s.f.DefaultMavenResourcesFiltering - skip non existing resourceDirectory C:\Users\Diksha\Desktop\Java\ProjectCricket\spring_boot_backend_template\src\test\resources
2024-12-15 17:17:09,258 [Worker-21: Building] INFO  o.a.m.s.f.DefaultMavenResourcesFiltering - Copying 1 resource from src\main\resources to target\classes
2024-12-15 17:17:09,265 [Worker-21: Building] INFO  o.a.m.s.f.DefaultMavenResourcesFiltering - Copying 0 resource from src\main\resources to target\classes
2024-12-15 17:17:09,269 [Worker-21: Building] INFO  o.a.m.s.f.DefaultMavenResourcesFiltering - skip non existing resourceDirectory C:\Users\Diksha\Desktop\Java\ProjectCricket\spring_boot_backend_template\src\test\resources
2024-12-15 17:17:15,385 [Worker-19: Building] INFO  o.a.m.s.f.DefaultMavenResourcesFiltering - Copying 1 resource from src\main\resources to target\classes
2024-12-15 17:17:15,390 [Worker-19: Building] INFO  o.a.m.s.f.DefaultMavenResourcesFiltering - Copying 0 resource from src\main\resources to target\classes
2024-12-15 17:17:15,393 [Worker-19: Building] INFO  o.a.m.s.f.DefaultMavenResourcesFiltering - skip non existing resourceDirectory C:\Users\Diksha\Desktop\Java\ProjectCricket\spring_boot_backend_template\src\test\resources
2024-12-15 17:17:21,489 [Worker-6: Building] INFO  o.a.m.s.f.DefaultMavenResourcesFiltering - Copying 1 resource from src\main\resources to target\classes
2024-12-15 17:17:21,498 [Worker-6: Building] INFO  o.a.m.s.f.DefaultMavenResourcesFiltering - Copying 0 resource from src\main\resources to target\classes
2024-12-15 17:17:21,503 [Worker-6: Building] INFO  o.a.m.s.f.DefaultMavenResourcesFiltering - skip non existing resourceDirectory C:\Users\Diksha\Desktop\Java\ProjectCricket\spring_boot_backend_template\src\test\resources
2024-12-15 17:17:28,054 [Worker-15: Building] INFO  o.a.m.s.f.DefaultMavenResourcesFiltering - Copying 1 resource from src\main\resources to target\classes
2024-12-15 17:17:28,075 [Worker-15: Building] INFO  o.a.m.s.f.DefaultMavenResourcesFiltering - Copying 0 resource from src\main\resources to target\classes
2024-12-15 17:17:28,078 [Worker-15: Building] INFO  o.a.m.s.f.DefaultMavenResourcesFiltering - skip non existing resourceDirectory C:\Users\Diksha\Desktop\Java\ProjectCricket\spring_boot_backend_template\src\test\resources
2024-12-15 17:17:53,916 [Worker-6: Building] INFO  o.a.m.s.f.DefaultMavenResourcesFiltering - Copying 1 resource from src\main\resources to target\classes
2024-12-15 17:17:53,927 [Worker-6: Building] INFO  o.a.m.s.f.DefaultMavenResourcesFiltering - Copying 0 resource from src\main\resources to target\classes
2024-12-15 17:17:53,937 [Worker-6: Building] INFO  o.a.m.s.f.DefaultMavenResourcesFiltering - skip non existing resourceDirectory C:\Users\Diksha\Desktop\Java\ProjectCricket\spring_boot_backend_template\src\test\resources
2024-12-15 17:18:23,646 [Worker-22: Building] INFO  o.a.m.s.f.DefaultMavenResourcesFiltering - Copying 1 resource from src\main\resources to target\classes
2024-12-15 17:18:23,654 [Worker-22: Building] INFO  o.a.m.s.f.DefaultMavenResourcesFiltering - Copying 0 resource from src\main\resources to target\classes
2024-12-15 17:18:23,660 [Worker-22: Building] INFO  o.a.m.s.f.DefaultMavenResourcesFiltering - skip non existing resourceDirectory C:\Users\Diksha\Desktop\Java\ProjectCricket\spring_boot_backend_template\src\test\resources
2024-12-15 17:18:31,943 [Worker-6: Building] INFO  o.a.m.s.f.DefaultMavenResourcesFiltering - Copying 1 resource from src\main\resources to target\classes
2024-12-15 17:18:31,948 [Worker-6: Building] INFO  o.a.m.s.f.DefaultMavenResourcesFiltering - Copying 0 resource from src\main\resources to target\classes
2024-12-15 17:18:31,950 [Worker-6: Building] INFO  o.a.m.s.f.DefaultMavenResourcesFiltering - skip non existing resourceDirectory C:\Users\Diksha\Desktop\Java\ProjectCricket\spring_boot_backend_template\src\test\resources
2024-12-15 17:18:42,715 [Worker-19: Building] INFO  o.a.m.s.f.DefaultMavenResourcesFiltering - Copying 1 resource from src\main\resources to target\classes
2024-12-15 17:18:42,749 [Worker-19: Building] INFO  o.a.m.s.f.DefaultMavenResourcesFiltering - Copying 0 resource from src\main\resources to target\classes
2024-12-15 17:18:42,760 [Worker-19: Building] INFO  o.a.m.s.f.DefaultMavenResourcesFiltering - skip non existing resourceDirectory C:\Users\Diksha\Desktop\Java\ProjectCricket\spring_boot_backend_template\src\test\resources
2024-12-15 17:18:51,565 [Worker-20: Building] INFO  o.a.m.s.f.DefaultMavenResourcesFiltering - Copying 1 resource from src\main\resources to target\classes
2024-12-15 17:18:51,571 [Worker-20: Building] INFO  o.a.m.s.f.DefaultMavenResourcesFiltering - Copying 0 resource from src\main\resources to target\classes
2024-12-15 17:18:51,575 [Worker-20: Building] INFO  o.a.m.s.f.DefaultMavenResourcesFiltering - skip non existing resourceDirectory C:\Users\Diksha\Desktop\Java\ProjectCricket\spring_boot_backend_template\src\test\resources
2024-12-15 17:19:02,823 [Worker-22: Updating Maven Project] INFO  o.e.m.c.i.p.ProjectConfigurationManager - Update started
2024-12-15 17:19:03,105 [Worker-22: Updating Maven Project] INFO  o.e.m.c.i.l.LifecycleMappingFactory - Using org.eclipse.m2e.jdt.JarLifecycleMapping lifecycle mapping for MavenProject: com.cricket:spring_boot_backend_template:0.0.1-SNAPSHOT @ C:\Users\Diksha\Desktop\Java\ProjectCricket\spring_boot_backend_template\pom.xml.
2024-12-15 17:19:03,676 [Worker-22: Updating Maven Project] INFO  o.e.m.j.i.AbstractJavaProjectConfigurator - Adding source folder /spring_boot_backend_template/src/main/java
2024-12-15 17:19:03,680 [Worker-22: Updating Maven Project] INFO  o.e.m.j.i.AbstractJavaProjectConfigurator - Adding resource folder /spring_boot_backend_template/src/main/resources
2024-12-15 17:19:03,681 [Worker-22: Updating Maven Project] INFO  o.e.m.j.i.AbstractJavaProjectConfigurator - Adding resource folder /spring_boot_backend_template/src/main/resources
2024-12-15 17:19:03,682 [Worker-22: Updating Maven Project] INFO  o.e.m.j.i.AbstractJavaProjectConfigurator - Adding source folder /spring_boot_backend_template/src/test/java
2024-12-15 17:19:03,683 [Worker-22: Updating Maven Project] INFO  o.e.m.j.i.AbstractJavaProjectConfigurator - Adding resource folder /spring_boot_backend_template/src/test/resources
2024-12-15 17:19:04,033 [Worker-22: Updating Maven Project] INFO  o.e.m.c.i.p.ProjectConfigurationManager - Update completed for 1 poms: local refresh takes 0.00 sec, refresh facades takes 0.00 sec, update config takes 0.00 sec 
2024-12-15 17:19:04,602 [Worker-21: Building] INFO  o.a.m.s.f.DefaultMavenResourcesFiltering - Copying 1 resource from src\main\resources to target\classes
2024-12-15 17:19:04,629 [Worker-21: Building] INFO  o.a.m.s.f.DefaultMavenResourcesFiltering - Copying 0 resource from src\main\resources to target\classes
2024-12-15 17:19:04,637 [Worker-21: Building] INFO  o.a.m.s.f.DefaultMavenResourcesFiltering - skip non existing resourceDirectory C:\Users\Diksha\Desktop\Java\ProjectCricket\spring_boot_backend_template\src\test\resources
2024-12-15 17:19:30,296 [Worker-21: Launching Executing clean in C__Users_Diksha_Desktop_Java_ProjectCricket_spring_boot_backend_template] INFO  o.eclipse.m2e.core.internal.Bundles - getClasspathEntries(Bundle=org.eclipse.m2e.maven.runtime_3.9.900.20240824-1409 [364])
2024-12-15 17:19:30,299 [Worker-21: Launching Executing clean in C__Users_Diksha_Desktop_Java_ProjectCricket_spring_boot_backend_template] INFO  o.eclipse.m2e.core.internal.Bundles - 	Entry: F:\Offline_Softwares for Windows\AdvJava_Softwares\STS_4.x\Windows\sts-4.27.0.RELEASE\plugins\org.eclipse.m2e.maven.runtime_3.9.900.20240824-1409
2024-12-15 17:19:30,300 [Worker-21: Launching Executing clean in C__Users_Diksha_Desktop_Java_ProjectCricket_spring_boot_backend_template] INFO  o.eclipse.m2e.core.internal.Bundles - 	Entry: F:\Offline_Softwares for Windows\AdvJava_Softwares\STS_4.x\Windows\sts-4.27.0.RELEASE\plugins\org.eclipse.m2e.maven.runtime_3.9.900.20240824-1409\jars\aopalliance-1.0.jar
2024-12-15 17:19:30,300 [Worker-21: Launching Executing clean in C__Users_Diksha_Desktop_Java_ProjectCricket_spring_boot_backend_template] INFO  o.eclipse.m2e.core.internal.Bundles - 	Entry: F:\Offline_Softwares for Windows\AdvJava_Softwares\STS_4.x\Windows\sts-4.27.0.RELEASE\plugins\org.eclipse.m2e.maven.runtime_3.9.900.20240824-1409\jars\guice-5.1.0.jar
2024-12-15 17:19:30,300 [Worker-21: Launching Executing clean in C__Users_Diksha_Desktop_Java_ProjectCricket_spring_boot_backend_template] INFO  o.eclipse.m2e.core.internal.Bundles - 	Entry: F:\Offline_Softwares for Windows\AdvJava_Softwares\STS_4.x\Windows\sts-4.27.0.RELEASE\plugins\org.eclipse.m2e.maven.runtime_3.9.900.20240824-1409\jars\httpclient-4.5.14.jar
2024-12-15 17:19:30,300 [Worker-21: Launching Executing clean in C__Users_Diksha_Desktop_Java_ProjectCricket_spring_boot_backend_template] INFO  o.eclipse.m2e.core.internal.Bundles - 	Entry: F:\Offline_Softwares for Windows\AdvJava_Softwares\STS_4.x\Windows\sts-4.27.0.RELEASE\plugins\org.eclipse.m2e.maven.runtime_3.9.900.20240824-1409\jars\httpcore-4.4.16.jar
2024-12-15 17:19:30,300 [Worker-21: Launching Executing clean in C__Users_Diksha_Desktop_Java_ProjectCricket_spring_boot_backend_template] INFO  o.eclipse.m2e.core.internal.Bundles - 	Entry: F:\Offline_Softwares for Windows\AdvJava_Softwares\STS_4.x\Windows\sts-4.27.0.RELEASE\plugins\org.eclipse.m2e.maven.runtime_3.9.900.20240824-1409\jars\jansi-2.4.1.jar
2024-12-15 17:19:30,300 [Worker-21: Launching Executing clean in C__Users_Diksha_Desktop_Java_ProjectCricket_spring_boot_backend_template] INFO  o.eclipse.m2e.core.internal.Bundles - 	Entry: F:\Offline_Softwares for Windows\AdvJava_Softwares\STS_4.x\Windows\sts-4.27.0.RELEASE\plugins\org.eclipse.m2e.maven.runtime_3.9.900.20240824-1409\jars\jcl-over-slf4j-1.7.36.jar
2024-12-15 17:19:30,300 [Worker-21: Launching Executing clean in C__Users_Diksha_Desktop_Java_ProjectCricket_spring_boot_backend_template] INFO  o.eclipse.m2e.core.internal.Bundles - 	Entry: F:\Offline_Softwares for Windows\AdvJava_Softwares\STS_4.x\Windows\sts-4.27.0.RELEASE\plugins\org.eclipse.m2e.maven.runtime_3.9.900.20240824-1409\jars\maven-artifact-3.9.9.jar
2024-12-15 17:19:30,301 [Worker-21: Launching Executing clean in C__Users_Diksha_Desktop_Java_ProjectCricket_spring_boot_backend_template] INFO  o.eclipse.m2e.core.internal.Bundles - 	Entry: F:\Offline_Softwares for Windows\AdvJava_Softwares\STS_4.x\Windows\sts-4.27.0.RELEASE\plugins\org.eclipse.m2e.maven.runtime_3.9.900.20240824-1409\jars\maven-builder-support-3.9.9.jar
2024-12-15 17:19:30,301 [Worker-21: Launching Executing clean in C__Users_Diksha_Desktop_Java_ProjectCricket_spring_boot_backend_template] INFO  o.eclipse.m2e.core.internal.Bundles - 	Entry: F:\Offline_Softwares for Windows\AdvJava_Softwares\STS_4.x\Windows\sts-4.27.0.RELEASE\plugins\org.eclipse.m2e.maven.runtime_3.9.900.20240824-1409\jars\maven-compat-3.9.9.jar
2024-12-15 17:19:30,301 [Worker-21: Launching Executing clean in C__Users_Diksha_Desktop_Java_ProjectCricket_spring_boot_backend_template] INFO  o.eclipse.m2e.core.internal.Bundles - 	Entry: F:\Offline_Softwares for Windows\AdvJava_Softwares\STS_4.x\Windows\sts-4.27.0.RELEASE\plugins\org.eclipse.m2e.maven.runtime_3.9.900.20240824-1409\jars\maven-core-3.9.9.jar
2024-12-15 17:19:30,301 [Worker-21: Launching Executing clean in C__Users_Diksha_Desktop_Java_ProjectCricket_spring_boot_backend_template] INFO  o.eclipse.m2e.core.internal.Bundles - 	Entry: F:\Offline_Softwares for Windows\AdvJava_Softwares\STS_4.x\Windows\sts-4.27.0.RELEASE\plugins\org.eclipse.m2e.maven.runtime_3.9.900.20240824-1409\jars\maven-embedder-3.9.9.jar
2024-12-15 17:19:30,301 [Worker-21: Launching Executing clean in C__Users_Diksha_Desktop_Java_ProjectCricket_spring_boot_backend_template] INFO  o.eclipse.m2e.core.internal.Bundles - 	Entry: F:\Offline_Softwares for Windows\AdvJava_Softwares\STS_4.x\Windows\sts-4.27.0.RELEASE\plugins\org.eclipse.m2e.maven.runtime_3.9.900.20240824-1409\jars\maven-model-3.9.9.jar
2024-12-15 17:19:30,301 [Worker-21: Launching Executing clean in C__Users_Diksha_Desktop_Java_ProjectCricket_spring_boot_backend_template] INFO  o.eclipse.m2e.core.internal.Bundles - 	Entry: F:\Offline_Softwares for Windows\AdvJava_Softwares\STS_4.x\Windows\sts-4.27.0.RELEASE\plugins\org.eclipse.m2e.maven.runtime_3.9.900.20240824-1409\jars\maven-model-builder-3.9.9.jar
2024-12-15 17:19:30,301 [Worker-21: Launching Executing clean in C__Users_Diksha_Desktop_Java_ProjectCricket_spring_boot_backend_template] INFO  o.eclipse.m2e.core.internal.Bundles - 	Entry: F:\Offline_Softwares for Windows\AdvJava_Softwares\STS_4.x\Windows\sts-4.27.0.RELEASE\plugins\org.eclipse.m2e.maven.runtime_3.9.900.20240824-1409\jars\maven-plugin-api-3.9.9.jar
2024-12-15 17:19:30,301 [Worker-21: Launching Executing clean in C__Users_Diksha_Desktop_Java_ProjectCricket_spring_boot_backend_template] INFO  o.eclipse.m2e.core.internal.Bundles - 	Entry: F:\Offline_Softwares for Windows\AdvJava_Softwares\STS_4.x\Windows\sts-4.27.0.RELEASE\plugins\org.eclipse.m2e.maven.runtime_3.9.900.20240824-1409\jars\maven-repository-metadata-3.9.9.jar
2024-12-15 17:19:30,301 [Worker-21: Launching Executing clean in C__Users_Diksha_Desktop_Java_ProjectCricket_spring_boot_backend_template] INFO  o.eclipse.m2e.core.internal.Bundles - 	Entry: F:\Offline_Softwares for Windows\AdvJava_Softwares\STS_4.x\Windows\sts-4.27.0.RELEASE\plugins\org.eclipse.m2e.maven.runtime_3.9.900.20240824-1409\jars\maven-resolver-api-1.9.22.jar
2024-12-15 17:19:30,302 [Worker-21: Launching Executing clean in C__Users_Diksha_Desktop_Java_ProjectCricket_spring_boot_backend_template] INFO  o.eclipse.m2e.core.internal.Bundles - 	Entry: F:\Offline_Softwares for Windows\AdvJava_Softwares\STS_4.x\Windows\sts-4.27.0.RELEASE\plugins\org.eclipse.m2e.maven.runtime_3.9.900.20240824-1409\jars\maven-resolver-connector-basic-1.9.22.jar
2024-12-15 17:19:30,302 [Worker-21: Launching Executing clean in C__Users_Diksha_Desktop_Java_ProjectCricket_spring_boot_backend_template] INFO  o.eclipse.m2e.core.internal.Bundles - 	Entry: F:\Offline_Softwares for Windows\AdvJava_Softwares\STS_4.x\Windows\sts-4.27.0.RELEASE\plugins\org.eclipse.m2e.maven.runtime_3.9.900.20240824-1409\jars\maven-resolver-impl-1.9.22.jar
2024-12-15 17:19:30,302 [Worker-21: Launching Executing clean in C__Users_Diksha_Desktop_Java_ProjectCricket_spring_boot_backend_template] INFO  o.eclipse.m2e.core.internal.Bundles - 	Entry: F:\Offline_Softwares for Windows\AdvJava_Softwares\STS_4.x\Windows\sts-4.27.0.RELEASE\plugins\org.eclipse.m2e.maven.runtime_3.9.900.20240824-1409\jars\maven-resolver-named-locks-1.9.22.jar
2024-12-15 17:19:30,302 [Worker-21: Launching Executing clean in C__Users_Diksha_Desktop_Java_ProjectCricket_spring_boot_backend_template] INFO  o.eclipse.m2e.core.internal.Bundles - 	Entry: F:\Offline_Softwares for Windows\AdvJava_Softwares\STS_4.x\Windows\sts-4.27.0.RELEASE\plugins\org.eclipse.m2e.maven.runtime_3.9.900.20240824-1409\jars\maven-resolver-provider-3.9.9.jar
2024-12-15 17:19:30,302 [Worker-21: Launching Executing clean in C__Users_Diksha_Desktop_Java_ProjectCricket_spring_boot_backend_template] INFO  o.eclipse.m2e.core.internal.Bundles - 	Entry: F:\Offline_Softwares for Windows\AdvJava_Softwares\STS_4.x\Windows\sts-4.27.0.RELEASE\plugins\org.eclipse.m2e.maven.runtime_3.9.900.20240824-1409\jars\maven-resolver-spi-1.9.22.jar
2024-12-15 17:19:30,302 [Worker-21: Launching Executing clean in C__Users_Diksha_Desktop_Java_ProjectCricket_spring_boot_backend_template] INFO  o.eclipse.m2e.core.internal.Bundles - 	Entry: F:\Offline_Softwares for Windows\AdvJava_Softwares\STS_4.x\Windows\sts-4.27.0.RELEASE\plugins\org.eclipse.m2e.maven.runtime_3.9.900.20240824-1409\jars\maven-resolver-transport-file-1.9.22.jar
2024-12-15 17:19:30,302 [Worker-21: Launching Executing clean in C__Users_Diksha_Desktop_Java_ProjectCricket_spring_boot_backend_template] INFO  o.eclipse.m2e.core.internal.Bundles - 	Entry: F:\Offline_Softwares for Windows\AdvJava_Softwares\STS_4.x\Windows\sts-4.27.0.RELEASE\plugins\org.eclipse.m2e.maven.runtime_3.9.900.20240824-1409\jars\maven-resolver-transport-http-1.9.22.jar
2024-12-15 17:19:30,302 [Worker-21: Launching Executing clean in C__Users_Diksha_Desktop_Java_ProjectCricket_spring_boot_backend_template] INFO  o.eclipse.m2e.core.internal.Bundles - 	Entry: F:\Offline_Softwares for Windows\AdvJava_Softwares\STS_4.x\Windows\sts-4.27.0.RELEASE\plugins\org.eclipse.m2e.maven.runtime_3.9.900.20240824-1409\jars\maven-resolver-transport-wagon-1.9.22.jar
2024-12-15 17:19:30,302 [Worker-21: Launching Executing clean in C__Users_Diksha_Desktop_Java_ProjectCricket_spring_boot_backend_template] INFO  o.eclipse.m2e.core.internal.Bundles - 	Entry: F:\Offline_Softwares for Windows\AdvJava_Softwares\STS_4.x\Windows\sts-4.27.0.RELEASE\plugins\org.eclipse.m2e.maven.runtime_3.9.900.20240824-1409\jars\maven-resolver-util-1.9.22.jar
2024-12-15 17:19:30,303 [Worker-21: Launching Executing clean in C__Users_Diksha_Desktop_Java_ProjectCricket_spring_boot_backend_template] INFO  o.eclipse.m2e.core.internal.Bundles - 	Entry: F:\Offline_Softwares for Windows\AdvJava_Softwares\STS_4.x\Windows\sts-4.27.0.RELEASE\plugins\org.eclipse.m2e.maven.runtime_3.9.900.20240824-1409\jars\maven-settings-3.9.9.jar
2024-12-15 17:19:30,303 [Worker-21: Launching Executing clean in C__Users_Diksha_Desktop_Java_ProjectCricket_spring_boot_backend_template] INFO  o.eclipse.m2e.core.internal.Bundles - 	Entry: F:\Offline_Softwares for Windows\AdvJava_Softwares\STS_4.x\Windows\sts-4.27.0.RELEASE\plugins\org.eclipse.m2e.maven.runtime_3.9.900.20240824-1409\jars\maven-settings-builder-3.9.9.jar
2024-12-15 17:19:30,303 [Worker-21: Launching Executing clean in C__Users_Diksha_Desktop_Java_ProjectCricket_spring_boot_backend_template] INFO  o.eclipse.m2e.core.internal.Bundles - 	Entry: F:\Offline_Softwares for Windows\AdvJava_Softwares\STS_4.x\Windows\sts-4.27.0.RELEASE\plugins\org.eclipse.m2e.maven.runtime_3.9.900.20240824-1409\jars\maven-shared-utils-3.4.2.jar
2024-12-15 17:19:30,303 [Worker-21: Launching Executing clean in C__Users_Diksha_Desktop_Java_ProjectCricket_spring_boot_backend_template] INFO  o.eclipse.m2e.core.internal.Bundles - 	Entry: F:\Offline_Softwares for Windows\AdvJava_Softwares\STS_4.x\Windows\sts-4.27.0.RELEASE\plugins\org.eclipse.m2e.maven.runtime_3.9.900.20240824-1409\jars\org.eclipse.sisu.inject-0.9.0.M3.jar
2024-12-15 17:19:30,303 [Worker-21: Launching Executing clean in C__Users_Diksha_Desktop_Java_ProjectCricket_spring_boot_backend_template] INFO  o.eclipse.m2e.core.internal.Bundles - 	Entry: F:\Offline_Softwares for Windows\AdvJava_Softwares\STS_4.x\Windows\sts-4.27.0.RELEASE\plugins\org.eclipse.m2e.maven.runtime_3.9.900.20240824-1409\jars\org.eclipse.sisu.plexus-0.9.0.M3.jar
2024-12-15 17:19:30,303 [Worker-21: Launching Executing clean in C__Users_Diksha_Desktop_Java_ProjectCricket_spring_boot_backend_template] INFO  o.eclipse.m2e.core.internal.Bundles - 	Entry: F:\Offline_Softwares for Windows\AdvJava_Softwares\STS_4.x\Windows\sts-4.27.0.RELEASE\plugins\org.eclipse.m2e.maven.runtime_3.9.900.20240824-1409\jars\plexus-build-api-0.0.7.jar
2024-12-15 17:19:30,303 [Worker-21: Launching Executing clean in C__Users_Diksha_Desktop_Java_ProjectCricket_spring_boot_backend_template] INFO  o.eclipse.m2e.core.internal.Bundles - 	Entry: F:\Offline_Softwares for Windows\AdvJava_Softwares\STS_4.x\Windows\sts-4.27.0.RELEASE\plugins\org.eclipse.m2e.maven.runtime_3.9.900.20240824-1409\jars\plexus-build-api-1.2.0.jar
2024-12-15 17:19:30,303 [Worker-21: Launching Executing clean in C__Users_Diksha_Desktop_Java_ProjectCricket_spring_boot_backend_template] INFO  o.eclipse.m2e.core.internal.Bundles - 	Entry: F:\Offline_Softwares for Windows\AdvJava_Softwares\STS_4.x\Windows\sts-4.27.0.RELEASE\plugins\org.eclipse.m2e.maven.runtime_3.9.900.20240824-1409\jars\plexus-cipher-2.0.jar
2024-12-15 17:19:30,303 [Worker-21: Launching Executing clean in C__Users_Diksha_Desktop_Java_ProjectCricket_spring_boot_backend_template] INFO  o.eclipse.m2e.core.internal.Bundles - 	Entry: F:\Offline_Softwares for Windows\AdvJava_Softwares\STS_4.x\Windows\sts-4.27.0.RELEASE\plugins\org.eclipse.m2e.maven.runtime_3.9.900.20240824-1409\jars\plexus-classworlds-2.8.0.jar
2024-12-15 17:19:30,303 [Worker-21: Launching Executing clean in C__Users_Diksha_Desktop_Java_ProjectCricket_spring_boot_backend_template] INFO  o.eclipse.m2e.core.internal.Bundles - 	Entry: F:\Offline_Softwares for Windows\AdvJava_Softwares\STS_4.x\Windows\sts-4.27.0.RELEASE\plugins\org.eclipse.m2e.maven.runtime_3.9.900.20240824-1409\jars\plexus-component-annotations-2.1.0.jar
2024-12-15 17:19:30,304 [Worker-21: Launching Executing clean in C__Users_Diksha_Desktop_Java_ProjectCricket_spring_boot_backend_template] INFO  o.eclipse.m2e.core.internal.Bundles - 	Entry: F:\Offline_Softwares for Windows\AdvJava_Softwares\STS_4.x\Windows\sts-4.27.0.RELEASE\plugins\org.eclipse.m2e.maven.runtime_3.9.900.20240824-1409\jars\plexus-interpolation-1.27.jar
2024-12-15 17:19:30,304 [Worker-21: Launching Executing clean in C__Users_Diksha_Desktop_Java_ProjectCricket_spring_boot_backend_template] INFO  o.eclipse.m2e.core.internal.Bundles - 	Entry: F:\Offline_Softwares for Windows\AdvJava_Softwares\STS_4.x\Windows\sts-4.27.0.RELEASE\plugins\org.eclipse.m2e.maven.runtime_3.9.900.20240824-1409\jars\plexus-sec-dispatcher-2.0.jar
2024-12-15 17:19:30,304 [Worker-21: Launching Executing clean in C__Users_Diksha_Desktop_Java_ProjectCricket_spring_boot_backend_template] INFO  o.eclipse.m2e.core.internal.Bundles - 	Entry: F:\Offline_Softwares for Windows\AdvJava_Softwares\STS_4.x\Windows\sts-4.27.0.RELEASE\plugins\org.eclipse.m2e.maven.runtime_3.9.900.20240824-1409\jars\plexus-utils-3.5.1.jar
2024-12-15 17:19:30,304 [Worker-21: Launching Executing clean in C__Users_Diksha_Desktop_Java_ProjectCricket_spring_boot_backend_template] INFO  o.eclipse.m2e.core.internal.Bundles - 	Entry: F:\Offline_Softwares for Windows\AdvJava_Softwares\STS_4.x\Windows\sts-4.27.0.RELEASE\plugins\org.eclipse.m2e.maven.runtime_3.9.900.20240824-1409\jars\plexus-xml-3.0.1.jar
2024-12-15 17:19:30,304 [Worker-21: Launching Executing clean in C__Users_Diksha_Desktop_Java_ProjectCricket_spring_boot_backend_template] INFO  o.eclipse.m2e.core.internal.Bundles - 	Entry: F:\Offline_Softwares for Windows\AdvJava_Softwares\STS_4.x\Windows\sts-4.27.0.RELEASE\plugins\org.eclipse.m2e.maven.runtime_3.9.900.20240824-1409\jars\wagon-file-3.5.3.jar
2024-12-15 17:19:30,304 [Worker-21: Launching Executing clean in C__Users_Diksha_Desktop_Java_ProjectCricket_spring_boot_backend_template] INFO  o.eclipse.m2e.core.internal.Bundles - 	Entry: F:\Offline_Softwares for Windows\AdvJava_Softwares\STS_4.x\Windows\sts-4.27.0.RELEASE\plugins\org.eclipse.m2e.maven.runtime_3.9.900.20240824-1409\jars\wagon-http-3.5.3.jar
2024-12-15 17:19:30,304 [Worker-21: Launching Executing clean in C__Users_Diksha_Desktop_Java_ProjectCricket_spring_boot_backend_template] INFO  o.eclipse.m2e.core.internal.Bundles - 	Entry: F:\Offline_Softwares for Windows\AdvJava_Softwares\STS_4.x\Windows\sts-4.27.0.RELEASE\plugins\org.eclipse.m2e.maven.runtime_3.9.900.20240824-1409\jars\wagon-http-shared-3.5.3.jar
2024-12-15 17:19:30,305 [Worker-21: Launching Executing clean in C__Users_Diksha_Desktop_Java_ProjectCricket_spring_boot_backend_template] INFO  o.eclipse.m2e.core.internal.Bundles - 	Entry: F:\Offline_Softwares for Windows\AdvJava_Softwares\STS_4.x\Windows\sts-4.27.0.RELEASE\plugins\org.eclipse.m2e.maven.runtime_3.9.900.20240824-1409\jars\wagon-provider-api-3.5.3.jar
2024-12-15 17:19:30,313 [Worker-21: Launching Executing clean in C__Users_Diksha_Desktop_Java_ProjectCricket_spring_boot_backend_template] INFO  o.eclipse.m2e.core.internal.Bundles - getClasspathEntries(Bundle=com.google.guava_33.3.1.jre [29])
2024-12-15 17:19:30,313 [Worker-21: Launching Executing clean in C__Users_Diksha_Desktop_Java_ProjectCricket_spring_boot_backend_template] INFO  o.eclipse.m2e.core.internal.Bundles - 	Entry: F:\Offline_Softwares for Windows\AdvJava_Softwares\STS_4.x\Windows\sts-4.27.0.RELEASE\plugins\com.google.guava_33.3.1.jre.jar
2024-12-15 17:19:30,314 [Worker-21: Launching Executing clean in C__Users_Diksha_Desktop_Java_ProjectCricket_spring_boot_backend_template] INFO  o.eclipse.m2e.core.internal.Bundles - getClasspathEntries(Bundle=slf4j.api_2.0.16 [615])
2024-12-15 17:19:30,314 [Worker-21: Launching Executing clean in C__Users_Diksha_Desktop_Java_ProjectCricket_spring_boot_backend_template] INFO  o.eclipse.m2e.core.internal.Bundles - 	Entry: F:\Offline_Softwares for Windows\AdvJava_Softwares\STS_4.x\Windows\sts-4.27.0.RELEASE\plugins\slf4j.api_2.0.16.jar
2024-12-15 17:19:30,315 [Worker-21: Launching Executing clean in C__Users_Diksha_Desktop_Java_ProjectCricket_spring_boot_backend_template] INFO  o.eclipse.m2e.core.internal.Bundles - getClasspathEntries(Bundle=jakarta.inject.jakarta.inject-api_1.0.5 [45])
2024-12-15 17:19:30,315 [Worker-21: Launching Executing clean in C__Users_Diksha_Desktop_Java_ProjectCricket_spring_boot_backend_template] INFO  o.eclipse.m2e.core.internal.Bundles - 	Entry: F:\Offline_Softwares for Windows\AdvJava_Softwares\STS_4.x\Windows\sts-4.27.0.RELEASE\plugins\jakarta.inject.jakarta.inject-api_1.0.5.jar
2024-12-15 17:19:30,315 [Worker-21: Launching Executing clean in C__Users_Diksha_Desktop_Java_ProjectCricket_spring_boot_backend_template] INFO  o.eclipse.m2e.core.internal.Bundles - getClasspathEntries(Bundle=jakarta.annotation-api_1.3.5 [41])
2024-12-15 17:19:30,315 [Worker-21: Launching Executing clean in C__Users_Diksha_Desktop_Java_ProjectCricket_spring_boot_backend_template] INFO  o.eclipse.m2e.core.internal.Bundles - 	Entry: F:\Offline_Softwares for Windows\AdvJava_Softwares\STS_4.x\Windows\sts-4.27.0.RELEASE\plugins\jakarta.annotation-api_1.3.5.jar
2024-12-15 17:19:30,315 [Worker-21: Launching Executing clean in C__Users_Diksha_Desktop_Java_ProjectCricket_spring_boot_backend_template] INFO  o.eclipse.m2e.core.internal.Bundles - getClasspathEntries(Bundle=org.apache.commons.cli_1.9.0 [78])
2024-12-15 17:19:30,316 [Worker-21: Launching Executing clean in C__Users_Diksha_Desktop_Java_ProjectCricket_spring_boot_backend_template] INFO  o.eclipse.m2e.core.internal.Bundles - 	Entry: F:\Offline_Softwares for Windows\AdvJava_Softwares\STS_4.x\Windows\sts-4.27.0.RELEASE\plugins\org.apache.commons.cli_1.9.0.jar
2024-12-15 17:19:30,316 [Worker-21: Launching Executing clean in C__Users_Diksha_Desktop_Java_ProjectCricket_spring_boot_backend_template] INFO  o.eclipse.m2e.core.internal.Bundles - getClasspathEntries(Bundle=org.apache.commons.commons-codec_1.16.0 [81])
2024-12-15 17:19:30,316 [Worker-21: Launching Executing clean in C__Users_Diksha_Desktop_Java_ProjectCricket_spring_boot_backend_template] INFO  o.eclipse.m2e.core.internal.Bundles - 	Entry: F:\Offline_Softwares for Windows\AdvJava_Softwares\STS_4.x\Windows\sts-4.27.0.RELEASE\plugins\org.apache.commons.commons-codec_1.16.0.jar
2024-12-15 17:19:30,316 [Worker-21: Launching Executing clean in C__Users_Diksha_Desktop_Java_ProjectCricket_spring_boot_backend_template] INFO  o.eclipse.m2e.core.internal.Bundles - getClasspathEntries(Bundle=com.google.guava.failureaccess_1.0.2 [30])
2024-12-15 17:19:30,316 [Worker-21: Launching Executing clean in C__Users_Diksha_Desktop_Java_ProjectCricket_spring_boot_backend_template] INFO  o.eclipse.m2e.core.internal.Bundles - 	Entry: F:\Offline_Softwares for Windows\AdvJava_Softwares\STS_4.x\Windows\sts-4.27.0.RELEASE\plugins\com.google.guava.failureaccess_1.0.2.jar
2024-12-15 17:19:30,339 [Worker-21: Launching Executing clean in C__Users_Diksha_Desktop_Java_ProjectCricket_spring_boot_backend_template] INFO  o.e.m.i.launch.MavenLaunchDelegate - Run build in "C:\Users\Diksha\Desktop\Java\ProjectCricket\spring_boot_backend_template":
2024-12-15 17:19:30,341 [Worker-21: Launching Executing clean in C__Users_Diksha_Desktop_Java_ProjectCricket_spring_boot_backend_template] INFO  o.e.m.i.launch.MavenLaunchDelegate -  mvn  -B -Dstyle.color=always clean
2024-12-15 17:19:33,635 [Worker-15: Building] INFO  o.a.m.s.f.DefaultMavenResourcesFiltering - Copying 1 resource from src\main\resources to target\classes
2024-12-15 17:19:33,636 [Worker-15: Building] INFO  o.a.m.s.f.DefaultMavenResourcesFiltering - Copying 0 resource from src\main\resources to target\classes
2024-12-15 17:19:33,639 [Worker-15: Building] INFO  o.a.m.s.f.DefaultMavenResourcesFiltering - skip non existing resourceDirectory C:\Users\Diksha\Desktop\Java\ProjectCricket\spring_boot_backend_template\src\test\resources
2024-12-15 17:19:42,174 [main] INFO  o.e.m2e.actions.ExecutePomAction - Creating new launch configuration
2024-12-15 17:19:49,944 [Worker-6: Launching spring_boot_backend_template] INFO  o.eclipse.m2e.core.internal.Bundles - getClasspathEntries(Bundle=org.eclipse.m2e.maven.runtime_3.9.900.20240824-1409 [364])
2024-12-15 17:19:49,945 [Worker-6: Launching spring_boot_backend_template] INFO  o.eclipse.m2e.core.internal.Bundles - 	Entry: F:\Offline_Softwares for Windows\AdvJava_Softwares\STS_4.x\Windows\sts-4.27.0.RELEASE\plugins\org.eclipse.m2e.maven.runtime_3.9.900.20240824-1409
2024-12-15 17:19:49,946 [Worker-6: Launching spring_boot_backend_template] INFO  o.eclipse.m2e.core.internal.Bundles - 	Entry: F:\Offline_Softwares for Windows\AdvJava_Softwares\STS_4.x\Windows\sts-4.27.0.RELEASE\plugins\org.eclipse.m2e.maven.runtime_3.9.900.20240824-1409\jars\aopalliance-1.0.jar
2024-12-15 17:19:49,946 [Worker-6: Launching spring_boot_backend_template] INFO  o.eclipse.m2e.core.internal.Bundles - 	Entry: F:\Offline_Softwares for Windows\AdvJava_Softwares\STS_4.x\Windows\sts-4.27.0.RELEASE\plugins\org.eclipse.m2e.maven.runtime_3.9.900.20240824-1409\jars\guice-5.1.0.jar
2024-12-15 17:19:49,946 [Worker-6: Launching spring_boot_backend_template] INFO  o.eclipse.m2e.core.internal.Bundles - 	Entry: F:\Offline_Softwares for Windows\AdvJava_Softwares\STS_4.x\Windows\sts-4.27.0.RELEASE\plugins\org.eclipse.m2e.maven.runtime_3.9.900.20240824-1409\jars\httpclient-4.5.14.jar
2024-12-15 17:19:49,946 [Worker-6: Launching spring_boot_backend_template] INFO  o.eclipse.m2e.core.internal.Bundles - 	Entry: F:\Offline_Softwares for Windows\AdvJava_Softwares\STS_4.x\Windows\sts-4.27.0.RELEASE\plugins\org.eclipse.m2e.maven.runtime_3.9.900.20240824-1409\jars\httpcore-4.4.16.jar
2024-12-15 17:19:49,946 [Worker-6: Launching spring_boot_backend_template] INFO  o.eclipse.m2e.core.internal.Bundles - 	Entry: F:\Offline_Softwares for Windows\AdvJava_Softwares\STS_4.x\Windows\sts-4.27.0.RELEASE\plugins\org.eclipse.m2e.maven.runtime_3.9.900.20240824-1409\jars\jansi-2.4.1.jar
2024-12-15 17:19:49,946 [Worker-6: Launching spring_boot_backend_template] INFO  o.eclipse.m2e.core.internal.Bundles - 	Entry: F:\Offline_Softwares for Windows\AdvJava_Softwares\STS_4.x\Windows\sts-4.27.0.RELEASE\plugins\org.eclipse.m2e.maven.runtime_3.9.900.20240824-1409\jars\jcl-over-slf4j-1.7.36.jar
2024-12-15 17:19:49,946 [Worker-6: Launching spring_boot_backend_template] INFO  o.eclipse.m2e.core.internal.Bundles - 	Entry: F:\Offline_Softwares for Windows\AdvJava_Softwares\STS_4.x\Windows\sts-4.27.0.RELEASE\plugins\org.eclipse.m2e.maven.runtime_3.9.900.20240824-1409\jars\maven-artifact-3.9.9.jar
2024-12-15 17:19:49,947 [Worker-6: Launching spring_boot_backend_template] INFO  o.eclipse.m2e.core.internal.Bundles - 	Entry: F:\Offline_Softwares for Windows\AdvJava_Softwares\STS_4.x\Windows\sts-4.27.0.RELEASE\plugins\org.eclipse.m2e.maven.runtime_3.9.900.20240824-1409\jars\maven-builder-support-3.9.9.jar
2024-12-15 17:19:49,947 [Worker-6: Launching spring_boot_backend_template] INFO  o.eclipse.m2e.core.internal.Bundles - 	Entry: F:\Offline_Softwares for Windows\AdvJava_Softwares\STS_4.x\Windows\sts-4.27.0.RELEASE\plugins\org.eclipse.m2e.maven.runtime_3.9.900.20240824-1409\jars\maven-compat-3.9.9.jar
2024-12-15 17:19:49,947 [Worker-6: Launching spring_boot_backend_template] INFO  o.eclipse.m2e.core.internal.Bundles - 	Entry: F:\Offline_Softwares for Windows\AdvJava_Softwares\STS_4.x\Windows\sts-4.27.0.RELEASE\plugins\org.eclipse.m2e.maven.runtime_3.9.900.20240824-1409\jars\maven-core-3.9.9.jar
2024-12-15 17:19:49,947 [Worker-6: Launching spring_boot_backend_template] INFO  o.eclipse.m2e.core.internal.Bundles - 	Entry: F:\Offline_Softwares for Windows\AdvJava_Softwares\STS_4.x\Windows\sts-4.27.0.RELEASE\plugins\org.eclipse.m2e.maven.runtime_3.9.900.20240824-1409\jars\maven-embedder-3.9.9.jar
2024-12-15 17:19:49,947 [Worker-6: Launching spring_boot_backend_template] INFO  o.eclipse.m2e.core.internal.Bundles - 	Entry: F:\Offline_Softwares for Windows\AdvJava_Softwares\STS_4.x\Windows\sts-4.27.0.RELEASE\plugins\org.eclipse.m2e.maven.runtime_3.9.900.20240824-1409\jars\maven-model-3.9.9.jar
2024-12-15 17:19:49,947 [Worker-6: Launching spring_boot_backend_template] INFO  o.eclipse.m2e.core.internal.Bundles - 	Entry: F:\Offline_Softwares for Windows\AdvJava_Softwares\STS_4.x\Windows\sts-4.27.0.RELEASE\plugins\org.eclipse.m2e.maven.runtime_3.9.900.20240824-1409\jars\maven-model-builder-3.9.9.jar
2024-12-15 17:19:49,947 [Worker-6: Launching spring_boot_backend_template] INFO  o.eclipse.m2e.core.internal.Bundles - 	Entry: F:\Offline_Softwares for Windows\AdvJava_Softwares\STS_4.x\Windows\sts-4.27.0.RELEASE\plugins\org.eclipse.m2e.maven.runtime_3.9.900.20240824-1409\jars\maven-plugin-api-3.9.9.jar
2024-12-15 17:19:49,947 [Worker-6: Launching spring_boot_backend_template] INFO  o.eclipse.m2e.core.internal.Bundles - 	Entry: F:\Offline_Softwares for Windows\AdvJava_Softwares\STS_4.x\Windows\sts-4.27.0.RELEASE\plugins\org.eclipse.m2e.maven.runtime_3.9.900.20240824-1409\jars\maven-repository-metadata-3.9.9.jar
2024-12-15 17:19:49,947 [Worker-6: Launching spring_boot_backend_template] INFO  o.eclipse.m2e.core.internal.Bundles - 	Entry: F:\Offline_Softwares for Windows\AdvJava_Softwares\STS_4.x\Windows\sts-4.27.0.RELEASE\plugins\org.eclipse.m2e.maven.runtime_3.9.900.20240824-1409\jars\maven-resolver-api-1.9.22.jar
2024-12-15 17:19:49,947 [Worker-6: Launching spring_boot_backend_template] INFO  o.eclipse.m2e.core.internal.Bundles - 	Entry: F:\Offline_Softwares for Windows\AdvJava_Softwares\STS_4.x\Windows\sts-4.27.0.RELEASE\plugins\org.eclipse.m2e.maven.runtime_3.9.900.20240824-1409\jars\maven-resolver-connector-basic-1.9.22.jar
2024-12-15 17:19:49,947 [Worker-6: Launching spring_boot_backend_template] INFO  o.eclipse.m2e.core.internal.Bundles - 	Entry: F:\Offline_Softwares for Windows\AdvJava_Softwares\STS_4.x\Windows\sts-4.27.0.RELEASE\plugins\org.eclipse.m2e.maven.runtime_3.9.900.20240824-1409\jars\maven-resolver-impl-1.9.22.jar
2024-12-15 17:19:49,947 [Worker-6: Launching spring_boot_backend_template] INFO  o.eclipse.m2e.core.internal.Bundles - 	Entry: F:\Offline_Softwares for Windows\AdvJava_Softwares\STS_4.x\Windows\sts-4.27.0.RELEASE\plugins\org.eclipse.m2e.maven.runtime_3.9.900.20240824-1409\jars\maven-resolver-named-locks-1.9.22.jar
2024-12-15 17:19:49,947 [Worker-6: Launching spring_boot_backend_template] INFO  o.eclipse.m2e.core.internal.Bundles - 	Entry: F:\Offline_Softwares for Windows\AdvJava_Softwares\STS_4.x\Windows\sts-4.27.0.RELEASE\plugins\org.eclipse.m2e.maven.runtime_3.9.900.20240824-1409\jars\maven-resolver-provider-3.9.9.jar
2024-12-15 17:19:49,947 [Worker-6: Launching spring_boot_backend_template] INFO  o.eclipse.m2e.core.internal.Bundles - 	Entry: F:\Offline_Softwares for Windows\AdvJava_Softwares\STS_4.x\Windows\sts-4.27.0.RELEASE\plugins\org.eclipse.m2e.maven.runtime_3.9.900.20240824-1409\jars\maven-resolver-spi-1.9.22.jar
2024-12-15 17:19:49,948 [Worker-6: Launching spring_boot_backend_template] INFO  o.eclipse.m2e.core.internal.Bundles - 	Entry: F:\Offline_Softwares for Windows\AdvJava_Softwares\STS_4.x\Windows\sts-4.27.0.RELEASE\plugins\org.eclipse.m2e.maven.runtime_3.9.900.20240824-1409\jars\maven-resolver-transport-file-1.9.22.jar
2024-12-15 17:19:49,948 [Worker-6: Launching spring_boot_backend_template] INFO  o.eclipse.m2e.core.internal.Bundles - 	Entry: F:\Offline_Softwares for Windows\AdvJava_Softwares\STS_4.x\Windows\sts-4.27.0.RELEASE\plugins\org.eclipse.m2e.maven.runtime_3.9.900.20240824-1409\jars\maven-resolver-transport-http-1.9.22.jar
2024-12-15 17:19:49,948 [Worker-6: Launching spring_boot_backend_template] INFO  o.eclipse.m2e.core.internal.Bundles - 	Entry: F:\Offline_Softwares for Windows\AdvJava_Softwares\STS_4.x\Windows\sts-4.27.0.RELEASE\plugins\org.eclipse.m2e.maven.runtime_3.9.900.20240824-1409\jars\maven-resolver-transport-wagon-1.9.22.jar
2024-12-15 17:19:49,948 [Worker-6: Launching spring_boot_backend_template] INFO  o.eclipse.m2e.core.internal.Bundles - 	Entry: F:\Offline_Softwares for Windows\AdvJava_Softwares\STS_4.x\Windows\sts-4.27.0.RELEASE\plugins\org.eclipse.m2e.maven.runtime_3.9.900.20240824-1409\jars\maven-resolver-util-1.9.22.jar
2024-12-15 17:19:49,948 [Worker-6: Launching spring_boot_backend_template] INFO  o.eclipse.m2e.core.internal.Bundles - 	Entry: F:\Offline_Softwares for Windows\AdvJava_Softwares\STS_4.x\Windows\sts-4.27.0.RELEASE\plugins\org.eclipse.m2e.maven.runtime_3.9.900.20240824-1409\jars\maven-settings-3.9.9.jar
2024-12-15 17:19:49,948 [Worker-6: Launching spring_boot_backend_template] INFO  o.eclipse.m2e.core.internal.Bundles - 	Entry: F:\Offline_Softwares for Windows\AdvJava_Softwares\STS_4.x\Windows\sts-4.27.0.RELEASE\plugins\org.eclipse.m2e.maven.runtime_3.9.900.20240824-1409\jars\maven-settings-builder-3.9.9.jar
2024-12-15 17:19:49,948 [Worker-6: Launching spring_boot_backend_template] INFO  o.eclipse.m2e.core.internal.Bundles - 	Entry: F:\Offline_Softwares for Windows\AdvJava_Softwares\STS_4.x\Windows\sts-4.27.0.RELEASE\plugins\org.eclipse.m2e.maven.runtime_3.9.900.20240824-1409\jars\maven-shared-utils-3.4.2.jar
2024-12-15 17:19:49,948 [Worker-6: Launching spring_boot_backend_template] INFO  o.eclipse.m2e.core.internal.Bundles - 	Entry: F:\Offline_Softwares for Windows\AdvJava_Softwares\STS_4.x\Windows\sts-4.27.0.RELEASE\plugins\org.eclipse.m2e.maven.runtime_3.9.900.20240824-1409\jars\org.eclipse.sisu.inject-0.9.0.M3.jar
2024-12-15 17:19:49,948 [Worker-6: Launching spring_boot_backend_template] INFO  o.eclipse.m2e.core.internal.Bundles - 	Entry: F:\Offline_Softwares for Windows\AdvJava_Softwares\STS_4.x\Windows\sts-4.27.0.RELEASE\plugins\org.eclipse.m2e.maven.runtime_3.9.900.20240824-1409\jars\org.eclipse.sisu.plexus-0.9.0.M3.jar
2024-12-15 17:19:49,948 [Worker-6: Launching spring_boot_backend_template] INFO  o.eclipse.m2e.core.internal.Bundles - 	Entry: F:\Offline_Softwares for Windows\AdvJava_Softwares\STS_4.x\Windows\sts-4.27.0.RELEASE\plugins\org.eclipse.m2e.maven.runtime_3.9.900.20240824-1409\jars\plexus-build-api-0.0.7.jar
2024-12-15 17:19:49,948 [Worker-6: Launching spring_boot_backend_template] INFO  o.eclipse.m2e.core.internal.Bundles - 	Entry: F:\Offline_Softwares for Windows\AdvJava_Softwares\STS_4.x\Windows\sts-4.27.0.RELEASE\plugins\org.eclipse.m2e.maven.runtime_3.9.900.20240824-1409\jars\plexus-build-api-1.2.0.jar
2024-12-15 17:19:49,948 [Worker-6: Launching spring_boot_backend_template] INFO  o.eclipse.m2e.core.internal.Bundles - 	Entry: F:\Offline_Softwares for Windows\AdvJava_Softwares\STS_4.x\Windows\sts-4.27.0.RELEASE\plugins\org.eclipse.m2e.maven.runtime_3.9.900.20240824-1409\jars\plexus-cipher-2.0.jar
2024-12-15 17:19:49,948 [Worker-6: Launching spring_boot_backend_template] INFO  o.eclipse.m2e.core.internal.Bundles - 	Entry: F:\Offline_Softwares for Windows\AdvJava_Softwares\STS_4.x\Windows\sts-4.27.0.RELEASE\plugins\org.eclipse.m2e.maven.runtime_3.9.900.20240824-1409\jars\plexus-classworlds-2.8.0.jar
2024-12-15 17:19:49,948 [Worker-6: Launching spring_boot_backend_template] INFO  o.eclipse.m2e.core.internal.Bundles - 	Entry: F:\Offline_Softwares for Windows\AdvJava_Softwares\STS_4.x\Windows\sts-4.27.0.RELEASE\plugins\org.eclipse.m2e.maven.runtime_3.9.900.20240824-1409\jars\plexus-component-annotations-2.1.0.jar
2024-12-15 17:19:49,948 [Worker-6: Launching spring_boot_backend_template] INFO  o.eclipse.m2e.core.internal.Bundles - 	Entry: F:\Offline_Softwares for Windows\AdvJava_Softwares\STS_4.x\Windows\sts-4.27.0.RELEASE\plugins\org.eclipse.m2e.maven.runtime_3.9.900.20240824-1409\jars\plexus-interpolation-1.27.jar
2024-12-15 17:19:49,949 [Worker-6: Launching spring_boot_backend_template] INFO  o.eclipse.m2e.core.internal.Bundles - 	Entry: F:\Offline_Softwares for Windows\AdvJava_Softwares\STS_4.x\Windows\sts-4.27.0.RELEASE\plugins\org.eclipse.m2e.maven.runtime_3.9.900.20240824-1409\jars\plexus-sec-dispatcher-2.0.jar
2024-12-15 17:19:49,949 [Worker-6: Launching spring_boot_backend_template] INFO  o.eclipse.m2e.core.internal.Bundles - 	Entry: F:\Offline_Softwares for Windows\AdvJava_Softwares\STS_4.x\Windows\sts-4.27.0.RELEASE\plugins\org.eclipse.m2e.maven.runtime_3.9.900.20240824-1409\jars\plexus-utils-3.5.1.jar
2024-12-15 17:19:49,949 [Worker-6: Launching spring_boot_backend_template] INFO  o.eclipse.m2e.core.internal.Bundles - 	Entry: F:\Offline_Softwares for Windows\AdvJava_Softwares\STS_4.x\Windows\sts-4.27.0.RELEASE\plugins\org.eclipse.m2e.maven.runtime_3.9.900.20240824-1409\jars\plexus-xml-3.0.1.jar
2024-12-15 17:19:49,949 [Worker-6: Launching spring_boot_backend_template] INFO  o.eclipse.m2e.core.internal.Bundles - 	Entry: F:\Offline_Softwares for Windows\AdvJava_Softwares\STS_4.x\Windows\sts-4.27.0.RELEASE\plugins\org.eclipse.m2e.maven.runtime_3.9.900.20240824-1409\jars\wagon-file-3.5.3.jar
2024-12-15 17:19:49,949 [Worker-6: Launching spring_boot_backend_template] INFO  o.eclipse.m2e.core.internal.Bundles - 	Entry: F:\Offline_Softwares for Windows\AdvJava_Softwares\STS_4.x\Windows\sts-4.27.0.RELEASE\plugins\org.eclipse.m2e.maven.runtime_3.9.900.20240824-1409\jars\wagon-http-3.5.3.jar
2024-12-15 17:19:49,949 [Worker-6: Launching spring_boot_backend_template] INFO  o.eclipse.m2e.core.internal.Bundles - 	Entry: F:\Offline_Softwares for Windows\AdvJava_Softwares\STS_4.x\Windows\sts-4.27.0.RELEASE\plugins\org.eclipse.m2e.maven.runtime_3.9.900.20240824-1409\jars\wagon-http-shared-3.5.3.jar
2024-12-15 17:19:49,949 [Worker-6: Launching spring_boot_backend_template] INFO  o.eclipse.m2e.core.internal.Bundles - 	Entry: F:\Offline_Softwares for Windows\AdvJava_Softwares\STS_4.x\Windows\sts-4.27.0.RELEASE\plugins\org.eclipse.m2e.maven.runtime_3.9.900.20240824-1409\jars\wagon-provider-api-3.5.3.jar
2024-12-15 17:19:49,949 [Worker-6: Launching spring_boot_backend_template] INFO  o.eclipse.m2e.core.internal.Bundles - getClasspathEntries(Bundle=com.google.guava_33.3.1.jre [29])
2024-12-15 17:19:49,950 [Worker-6: Launching spring_boot_backend_template] INFO  o.eclipse.m2e.core.internal.Bundles - 	Entry: F:\Offline_Softwares for Windows\AdvJava_Softwares\STS_4.x\Windows\sts-4.27.0.RELEASE\plugins\com.google.guava_33.3.1.jre.jar
2024-12-15 17:19:49,950 [Worker-6: Launching spring_boot_backend_template] INFO  o.eclipse.m2e.core.internal.Bundles - getClasspathEntries(Bundle=slf4j.api_2.0.16 [615])
2024-12-15 17:19:49,950 [Worker-6: Launching spring_boot_backend_template] INFO  o.eclipse.m2e.core.internal.Bundles - 	Entry: F:\Offline_Softwares for Windows\AdvJava_Softwares\STS_4.x\Windows\sts-4.27.0.RELEASE\plugins\slf4j.api_2.0.16.jar
2024-12-15 17:19:49,950 [Worker-6: Launching spring_boot_backend_template] INFO  o.eclipse.m2e.core.internal.Bundles - getClasspathEntries(Bundle=jakarta.inject.jakarta.inject-api_1.0.5 [45])
2024-12-15 17:19:49,951 [Worker-6: Launching spring_boot_backend_template] INFO  o.eclipse.m2e.core.internal.Bundles - 	Entry: F:\Offline_Softwares for Windows\AdvJava_Softwares\STS_4.x\Windows\sts-4.27.0.RELEASE\plugins\jakarta.inject.jakarta.inject-api_1.0.5.jar
2024-12-15 17:19:49,951 [Worker-6: Launching spring_boot_backend_template] INFO  o.eclipse.m2e.core.internal.Bundles - getClasspathEntries(Bundle=jakarta.annotation-api_1.3.5 [41])
2024-12-15 17:19:49,951 [Worker-6: Launching spring_boot_backend_template] INFO  o.eclipse.m2e.core.internal.Bundles - 	Entry: F:\Offline_Softwares for Windows\AdvJava_Softwares\STS_4.x\Windows\sts-4.27.0.RELEASE\plugins\jakarta.annotation-api_1.3.5.jar
2024-12-15 17:19:49,951 [Worker-6: Launching spring_boot_backend_template] INFO  o.eclipse.m2e.core.internal.Bundles - getClasspathEntries(Bundle=org.apache.commons.cli_1.9.0 [78])
2024-12-15 17:19:49,951 [Worker-6: Launching spring_boot_backend_template] INFO  o.eclipse.m2e.core.internal.Bundles - 	Entry: F:\Offline_Softwares for Windows\AdvJava_Softwares\STS_4.x\Windows\sts-4.27.0.RELEASE\plugins\org.apache.commons.cli_1.9.0.jar
2024-12-15 17:19:49,951 [Worker-6: Launching spring_boot_backend_template] INFO  o.eclipse.m2e.core.internal.Bundles - getClasspathEntries(Bundle=org.apache.commons.commons-codec_1.16.0 [81])
2024-12-15 17:19:49,951 [Worker-6: Launching spring_boot_backend_template] INFO  o.eclipse.m2e.core.internal.Bundles - 	Entry: F:\Offline_Softwares for Windows\AdvJava_Softwares\STS_4.x\Windows\sts-4.27.0.RELEASE\plugins\org.apache.commons.commons-codec_1.16.0.jar
2024-12-15 17:19:49,952 [Worker-6: Launching spring_boot_backend_template] INFO  o.eclipse.m2e.core.internal.Bundles - getClasspathEntries(Bundle=com.google.guava.failureaccess_1.0.2 [30])
2024-12-15 17:19:49,952 [Worker-6: Launching spring_boot_backend_template] INFO  o.eclipse.m2e.core.internal.Bundles - 	Entry: F:\Offline_Softwares for Windows\AdvJava_Softwares\STS_4.x\Windows\sts-4.27.0.RELEASE\plugins\com.google.guava.failureaccess_1.0.2.jar
2024-12-15 17:19:49,955 [Worker-6: Launching spring_boot_backend_template] INFO  o.e.m.i.launch.MavenLaunchDelegate - Run build in "C:\Users\Diksha\Desktop\Java\ProjectCricket\spring_boot_backend_template":
2024-12-15 17:19:49,956 [Worker-6: Launching spring_boot_backend_template] INFO  o.e.m.i.launch.MavenLaunchDelegate -  mvn  -B -Dstyle.color=always clean compile
2024-12-15 17:20:40,387 [Start Help Server] INFO  org.eclipse.jetty.server.Server - jetty-12.0.15; built: 2024-11-05T19:44:57.623Z; git: 8281ae9740d4b4225e8166cc476bad237c70213a; jvm 21.0.5+11-LTS
2024-12-15 17:20:40,471 [Start Help Server] INFO  o.e.j.server.handler.ContextHandler - Started oeje8n.ContextHandler$CoreContextHandler@742e4bb3{/help,/help,b=null,a=AVAILABLE,h=oeje8n.ContextHandler$CoreContextHandler$CoreToNestedHandler@718bb39d{STARTED}}
2024-12-15 17:20:40,473 [Start Help Server] INFO  o.e.j.s.DefaultSessionIdManager - Session workerName=node0
2024-12-15 17:20:40,502 [Start Help Server] INFO  o.e.jetty.server.AbstractConnector - Started ServerConnector@242d7b4f{HTTP/1.1, (http/1.1)}{127.0.0.1:62212}
2024-12-15 17:20:40,510 [Start Help Server] INFO  org.eclipse.jetty.server.Server - Started oejs.Server@637259dc{STARTING}[12.0.15,sto=0] @1527373ms
2024-12-15 17:22:12,041 [Worker-15: Building] INFO  o.a.m.s.f.DefaultMavenResourcesFiltering - Copying 1 resource from src\main\resources to target\classes
2024-12-15 17:22:12,046 [Worker-15: Building] INFO  o.a.m.s.f.DefaultMavenResourcesFiltering - Copying 0 resource from src\main\resources to target\classes
2024-12-15 17:22:12,049 [Worker-15: Building] INFO  o.a.m.s.f.DefaultMavenResourcesFiltering - skip non existing resourceDirectory C:\Users\Diksha\Desktop\Java\ProjectCricket\spring_boot_backend_template\src\test\resources
2024-12-15 17:22:29,838 [Worker-15: Building] INFO  o.a.m.s.f.DefaultMavenResourcesFiltering - Copying 1 resource from src\main\resources to target\classes
2024-12-15 17:22:29,854 [Worker-15: Building] INFO  o.a.m.s.f.DefaultMavenResourcesFiltering - Copying 0 resource from src\main\resources to target\classes
2024-12-15 17:22:29,854 [Worker-15: Building] INFO  o.a.m.s.f.DefaultMavenResourcesFiltering - skip non existing resourceDirectory C:\Users\Diksha\Desktop\Java\ProjectCricket\spring_boot_backend_template\src\test\resources
2024-12-15 17:22:37,711 [Worker-15: Updating Maven Project] INFO  o.e.m.c.i.p.ProjectConfigurationManager - Update started
2024-12-15 17:22:38,013 [Worker-15: Updating Maven Project] INFO  o.e.m.c.i.l.LifecycleMappingFactory - Using org.eclipse.m2e.jdt.JarLifecycleMapping lifecycle mapping for MavenProject: com.cricket:spring_boot_backend_template:0.0.1-SNAPSHOT @ C:\Users\Diksha\Desktop\Java\ProjectCricket\spring_boot_backend_template\pom.xml.
2024-12-15 17:22:38,523 [Worker-15: Updating Maven Project] INFO  o.e.m.j.i.AbstractJavaProjectConfigurator - Adding source folder /spring_boot_backend_template/src/main/java
2024-12-15 17:22:38,524 [Worker-15: Updating Maven Project] INFO  o.e.m.j.i.AbstractJavaProjectConfigurator - Adding resource folder /spring_boot_backend_template/src/main/resources
2024-12-15 17:22:38,525 [Worker-15: Updating Maven Project] INFO  o.e.m.j.i.AbstractJavaProjectConfigurator - Adding resource folder /spring_boot_backend_template/src/main/resources
2024-12-15 17:22:38,526 [Worker-15: Updating Maven Project] INFO  o.e.m.j.i.AbstractJavaProjectConfigurator - Adding source folder /spring_boot_backend_template/src/test/java
2024-12-15 17:22:38,527 [Worker-15: Updating Maven Project] INFO  o.e.m.j.i.AbstractJavaProjectConfigurator - Adding resource folder /spring_boot_backend_template/src/test/resources
2024-12-15 17:22:38,862 [Worker-15: Updating Maven Project] INFO  o.e.m.c.i.p.ProjectConfigurationManager - Update completed for 1 poms: local refresh takes 0.00 sec, refresh facades takes 0.00 sec, update config takes 0.00 sec 
2024-12-15 17:22:39,639 [Worker-21: Building] INFO  o.a.m.s.f.DefaultMavenResourcesFiltering - Copying 1 resource from src\main\resources to target\classes
2024-12-15 17:22:39,655 [Worker-21: Building] INFO  o.a.m.s.f.DefaultMavenResourcesFiltering - Copying 0 resource from src\main\resources to target\classes
2024-12-15 17:22:39,659 [Worker-21: Building] INFO  o.a.m.s.f.DefaultMavenResourcesFiltering - skip non existing resourceDirectory C:\Users\Diksha\Desktop\Java\ProjectCricket\spring_boot_backend_template\src\test\resources
2024-12-15 17:23:42,716 [main] INFO  o.e.m2e.actions.ExecutePomAction - Creating new launch configuration
2024-12-15 17:23:50,007 [Worker-21: Launching spring_boot_backend_template (1)] INFO  o.eclipse.m2e.core.internal.Bundles - getClasspathEntries(Bundle=org.eclipse.m2e.maven.runtime_3.9.900.20240824-1409 [364])
2024-12-15 17:23:50,008 [Worker-21: Launching spring_boot_backend_template (1)] INFO  o.eclipse.m2e.core.internal.Bundles - 	Entry: F:\Offline_Softwares for Windows\AdvJava_Softwares\STS_4.x\Windows\sts-4.27.0.RELEASE\plugins\org.eclipse.m2e.maven.runtime_3.9.900.20240824-1409
2024-12-15 17:23:50,008 [Worker-21: Launching spring_boot_backend_template (1)] INFO  o.eclipse.m2e.core.internal.Bundles - 	Entry: F:\Offline_Softwares for Windows\AdvJava_Softwares\STS_4.x\Windows\sts-4.27.0.RELEASE\plugins\org.eclipse.m2e.maven.runtime_3.9.900.20240824-1409\jars\aopalliance-1.0.jar
2024-12-15 17:23:50,008 [Worker-21: Launching spring_boot_backend_template (1)] INFO  o.eclipse.m2e.core.internal.Bundles - 	Entry: F:\Offline_Softwares for Windows\AdvJava_Softwares\STS_4.x\Windows\sts-4.27.0.RELEASE\plugins\org.eclipse.m2e.maven.runtime_3.9.900.20240824-1409\jars\guice-5.1.0.jar
2024-12-15 17:23:50,008 [Worker-21: Launching spring_boot_backend_template (1)] INFO  o.eclipse.m2e.core.internal.Bundles - 	Entry: F:\Offline_Softwares for Windows\AdvJava_Softwares\STS_4.x\Windows\sts-4.27.0.RELEASE\plugins\org.eclipse.m2e.maven.runtime_3.9.900.20240824-1409\jars\httpclient-4.5.14.jar
2024-12-15 17:23:50,008 [Worker-21: Launching spring_boot_backend_template (1)] INFO  o.eclipse.m2e.core.internal.Bundles - 	Entry: F:\Offline_Softwares for Windows\AdvJava_Softwares\STS_4.x\Windows\sts-4.27.0.RELEASE\plugins\org.eclipse.m2e.maven.runtime_3.9.900.20240824-1409\jars\httpcore-4.4.16.jar
2024-12-15 17:23:50,008 [Worker-21: Launching spring_boot_backend_template (1)] INFO  o.eclipse.m2e.core.internal.Bundles - 	Entry: F:\Offline_Softwares for Windows\AdvJava_Softwares\STS_4.x\Windows\sts-4.27.0.RELEASE\plugins\org.eclipse.m2e.maven.runtime_3.9.900.20240824-1409\jars\jansi-2.4.1.jar
2024-12-15 17:23:50,008 [Worker-21: Launching spring_boot_backend_template (1)] INFO  o.eclipse.m2e.core.internal.Bundles - 	Entry: F:\Offline_Softwares for Windows\AdvJava_Softwares\STS_4.x\Windows\sts-4.27.0.RELEASE\plugins\org.eclipse.m2e.maven.runtime_3.9.900.20240824-1409\jars\jcl-over-slf4j-1.7.36.jar
2024-12-15 17:23:50,008 [Worker-21: Launching spring_boot_backend_template (1)] INFO  o.eclipse.m2e.core.internal.Bundles - 	Entry: F:\Offline_Softwares for Windows\AdvJava_Softwares\STS_4.x\Windows\sts-4.27.0.RELEASE\plugins\org.eclipse.m2e.maven.runtime_3.9.900.20240824-1409\jars\maven-artifact-3.9.9.jar
2024-12-15 17:23:50,008 [Worker-21: Launching spring_boot_backend_template (1)] INFO  o.eclipse.m2e.core.internal.Bundles - 	Entry: F:\Offline_Softwares for Windows\AdvJava_Softwares\STS_4.x\Windows\sts-4.27.0.RELEASE\plugins\org.eclipse.m2e.maven.runtime_3.9.900.20240824-1409\jars\maven-builder-support-3.9.9.jar
2024-12-15 17:23:50,008 [Worker-21: Launching spring_boot_backend_template (1)] INFO  o.eclipse.m2e.core.internal.Bundles - 	Entry: F:\Offline_Softwares for Windows\AdvJava_Softwares\STS_4.x\Windows\sts-4.27.0.RELEASE\plugins\org.eclipse.m2e.maven.runtime_3.9.900.20240824-1409\jars\maven-compat-3.9.9.jar
2024-12-15 17:23:50,008 [Worker-21: Launching spring_boot_backend_template (1)] INFO  o.eclipse.m2e.core.internal.Bundles - 	Entry: F:\Offline_Softwares for Windows\AdvJava_Softwares\STS_4.x\Windows\sts-4.27.0.RELEASE\plugins\org.eclipse.m2e.maven.runtime_3.9.900.20240824-1409\jars\maven-core-3.9.9.jar
2024-12-15 17:23:50,009 [Worker-21: Launching spring_boot_backend_template (1)] INFO  o.eclipse.m2e.core.internal.Bundles - 	Entry: F:\Offline_Softwares for Windows\AdvJava_Softwares\STS_4.x\Windows\sts-4.27.0.RELEASE\plugins\org.eclipse.m2e.maven.runtime_3.9.900.20240824-1409\jars\maven-embedder-3.9.9.jar
2024-12-15 17:23:50,009 [Worker-21: Launching spring_boot_backend_template (1)] INFO  o.eclipse.m2e.core.internal.Bundles - 	Entry: F:\Offline_Softwares for Windows\AdvJava_Softwares\STS_4.x\Windows\sts-4.27.0.RELEASE\plugins\org.eclipse.m2e.maven.runtime_3.9.900.20240824-1409\jars\maven-model-3.9.9.jar
2024-12-15 17:23:50,009 [Worker-21: Launching spring_boot_backend_template (1)] INFO  o.eclipse.m2e.core.internal.Bundles - 	Entry: F:\Offline_Softwares for Windows\AdvJava_Softwares\STS_4.x\Windows\sts-4.27.0.RELEASE\plugins\org.eclipse.m2e.maven.runtime_3.9.900.20240824-1409\jars\maven-model-builder-3.9.9.jar
2024-12-15 17:23:50,009 [Worker-21: Launching spring_boot_backend_template (1)] INFO  o.eclipse.m2e.core.internal.Bundles - 	Entry: F:\Offline_Softwares for Windows\AdvJava_Softwares\STS_4.x\Windows\sts-4.27.0.RELEASE\plugins\org.eclipse.m2e.maven.runtime_3.9.900.20240824-1409\jars\maven-plugin-api-3.9.9.jar
2024-12-15 17:23:50,009 [Worker-21: Launching spring_boot_backend_template (1)] INFO  o.eclipse.m2e.core.internal.Bundles - 	Entry: F:\Offline_Softwares for Windows\AdvJava_Softwares\STS_4.x\Windows\sts-4.27.0.RELEASE\plugins\org.eclipse.m2e.maven.runtime_3.9.900.20240824-1409\jars\maven-repository-metadata-3.9.9.jar
2024-12-15 17:23:50,010 [Worker-21: Launching spring_boot_backend_template (1)] INFO  o.eclipse.m2e.core.internal.Bundles - 	Entry: F:\Offline_Softwares for Windows\AdvJava_Softwares\STS_4.x\Windows\sts-4.27.0.RELEASE\plugins\org.eclipse.m2e.maven.runtime_3.9.900.20240824-1409\jars\maven-resolver-api-1.9.22.jar
2024-12-15 17:23:50,010 [Worker-21: Launching spring_boot_backend_template (1)] INFO  o.eclipse.m2e.core.internal.Bundles - 	Entry: F:\Offline_Softwares for Windows\AdvJava_Softwares\STS_4.x\Windows\sts-4.27.0.RELEASE\plugins\org.eclipse.m2e.maven.runtime_3.9.900.20240824-1409\jars\maven-resolver-connector-basic-1.9.22.jar
2024-12-15 17:23:50,010 [Worker-21: Launching spring_boot_backend_template (1)] INFO  o.eclipse.m2e.core.internal.Bundles - 	Entry: F:\Offline_Softwares for Windows\AdvJava_Softwares\STS_4.x\Windows\sts-4.27.0.RELEASE\plugins\org.eclipse.m2e.maven.runtime_3.9.900.20240824-1409\jars\maven-resolver-impl-1.9.22.jar
2024-12-15 17:23:50,010 [Worker-21: Launching spring_boot_backend_template (1)] INFO  o.eclipse.m2e.core.internal.Bundles - 	Entry: F:\Offline_Softwares for Windows\AdvJava_Softwares\STS_4.x\Windows\sts-4.27.0.RELEASE\plugins\org.eclipse.m2e.maven.runtime_3.9.900.20240824-1409\jars\maven-resolver-named-locks-1.9.22.jar
2024-12-15 17:23:50,010 [Worker-21: Launching spring_boot_backend_template (1)] INFO  o.eclipse.m2e.core.internal.Bundles - 	Entry: F:\Offline_Softwares for Windows\AdvJava_Softwares\STS_4.x\Windows\sts-4.27.0.RELEASE\plugins\org.eclipse.m2e.maven.runtime_3.9.900.20240824-1409\jars\maven-resolver-provider-3.9.9.jar
2024-12-15 17:23:50,010 [Worker-21: Launching spring_boot_backend_template (1)] INFO  o.eclipse.m2e.core.internal.Bundles - 	Entry: F:\Offline_Softwares for Windows\AdvJava_Softwares\STS_4.x\Windows\sts-4.27.0.RELEASE\plugins\org.eclipse.m2e.maven.runtime_3.9.900.20240824-1409\jars\maven-resolver-spi-1.9.22.jar
2024-12-15 17:23:50,011 [Worker-21: Launching spring_boot_backend_template (1)] INFO  o.eclipse.m2e.core.internal.Bundles - 	Entry: F:\Offline_Softwares for Windows\AdvJava_Softwares\STS_4.x\Windows\sts-4.27.0.RELEASE\plugins\org.eclipse.m2e.maven.runtime_3.9.900.20240824-1409\jars\maven-resolver-transport-file-1.9.22.jar
2024-12-15 17:23:50,011 [Worker-21: Launching spring_boot_backend_template (1)] INFO  o.eclipse.m2e.core.internal.Bundles - 	Entry: F:\Offline_Softwares for Windows\AdvJava_Softwares\STS_4.x\Windows\sts-4.27.0.RELEASE\plugins\org.eclipse.m2e.maven.runtime_3.9.900.20240824-1409\jars\maven-resolver-transport-http-1.9.22.jar
2024-12-15 17:23:50,011 [Worker-21: Launching spring_boot_backend_template (1)] INFO  o.eclipse.m2e.core.internal.Bundles - 	Entry: F:\Offline_Softwares for Windows\AdvJava_Softwares\STS_4.x\Windows\sts-4.27.0.RELEASE\plugins\org.eclipse.m2e.maven.runtime_3.9.900.20240824-1409\jars\maven-resolver-transport-wagon-1.9.22.jar
2024-12-15 17:23:50,011 [Worker-21: Launching spring_boot_backend_template (1)] INFO  o.eclipse.m2e.core.internal.Bundles - 	Entry: F:\Offline_Softwares for Windows\AdvJava_Softwares\STS_4.x\Windows\sts-4.27.0.RELEASE\plugins\org.eclipse.m2e.maven.runtime_3.9.900.20240824-1409\jars\maven-resolver-util-1.9.22.jar
2024-12-15 17:23:50,011 [Worker-21: Launching spring_boot_backend_template (1)] INFO  o.eclipse.m2e.core.internal.Bundles - 	Entry: F:\Offline_Softwares for Windows\AdvJava_Softwares\STS_4.x\Windows\sts-4.27.0.RELEASE\plugins\org.eclipse.m2e.maven.runtime_3.9.900.20240824-1409\jars\maven-settings-3.9.9.jar
2024-12-15 17:23:50,012 [Worker-21: Launching spring_boot_backend_template (1)] INFO  o.eclipse.m2e.core.internal.Bundles - 	Entry: F:\Offline_Softwares for Windows\AdvJava_Softwares\STS_4.x\Windows\sts-4.27.0.RELEASE\plugins\org.eclipse.m2e.maven.runtime_3.9.900.20240824-1409\jars\maven-settings-builder-3.9.9.jar
2024-12-15 17:23:50,012 [Worker-21: Launching spring_boot_backend_template (1)] INFO  o.eclipse.m2e.core.internal.Bundles - 	Entry: F:\Offline_Softwares for Windows\AdvJava_Softwares\STS_4.x\Windows\sts-4.27.0.RELEASE\plugins\org.eclipse.m2e.maven.runtime_3.9.900.20240824-1409\jars\maven-shared-utils-3.4.2.jar
2024-12-15 17:23:50,012 [Worker-21: Launching spring_boot_backend_template (1)] INFO  o.eclipse.m2e.core.internal.Bundles - 	Entry: F:\Offline_Softwares for Windows\AdvJava_Softwares\STS_4.x\Windows\sts-4.27.0.RELEASE\plugins\org.eclipse.m2e.maven.runtime_3.9.900.20240824-1409\jars\org.eclipse.sisu.inject-0.9.0.M3.jar
2024-12-15 17:23:50,012 [Worker-21: Launching spring_boot_backend_template (1)] INFO  o.eclipse.m2e.core.internal.Bundles - 	Entry: F:\Offline_Softwares for Windows\AdvJava_Softwares\STS_4.x\Windows\sts-4.27.0.RELEASE\plugins\org.eclipse.m2e.maven.runtime_3.9.900.20240824-1409\jars\org.eclipse.sisu.plexus-0.9.0.M3.jar
2024-12-15 17:23:50,012 [Worker-21: Launching spring_boot_backend_template (1)] INFO  o.eclipse.m2e.core.internal.Bundles - 	Entry: F:\Offline_Softwares for Windows\AdvJava_Softwares\STS_4.x\Windows\sts-4.27.0.RELEASE\plugins\org.eclipse.m2e.maven.runtime_3.9.900.20240824-1409\jars\plexus-build-api-0.0.7.jar
2024-12-15 17:23:50,012 [Worker-21: Launching spring_boot_backend_template (1)] INFO  o.eclipse.m2e.core.internal.Bundles - 	Entry: F:\Offline_Softwares for Windows\AdvJava_Softwares\STS_4.x\Windows\sts-4.27.0.RELEASE\plugins\org.eclipse.m2e.maven.runtime_3.9.900.20240824-1409\jars\plexus-build-api-1.2.0.jar
2024-12-15 17:23:50,012 [Worker-21: Launching spring_boot_backend_template (1)] INFO  o.eclipse.m2e.core.internal.Bundles - 	Entry: F:\Offline_Softwares for Windows\AdvJava_Softwares\STS_4.x\Windows\sts-4.27.0.RELEASE\plugins\org.eclipse.m2e.maven.runtime_3.9.900.20240824-1409\jars\plexus-cipher-2.0.jar
2024-12-15 17:23:50,012 [Worker-21: Launching spring_boot_backend_template (1)] INFO  o.eclipse.m2e.core.internal.Bundles - 	Entry: F:\Offline_Softwares for Windows\AdvJava_Softwares\STS_4.x\Windows\sts-4.27.0.RELEASE\plugins\org.eclipse.m2e.maven.runtime_3.9.900.20240824-1409\jars\plexus-classworlds-2.8.0.jar
2024-12-15 17:23:50,012 [Worker-21: Launching spring_boot_backend_template (1)] INFO  o.eclipse.m2e.core.internal.Bundles - 	Entry: F:\Offline_Softwares for Windows\AdvJava_Softwares\STS_4.x\Windows\sts-4.27.0.RELEASE\plugins\org.eclipse.m2e.maven.runtime_3.9.900.20240824-1409\jars\plexus-component-annotations-2.1.0.jar
2024-12-15 17:23:50,013 [Worker-21: Launching spring_boot_backend_template (1)] INFO  o.eclipse.m2e.core.internal.Bundles - 	Entry: F:\Offline_Softwares for Windows\AdvJava_Softwares\STS_4.x\Windows\sts-4.27.0.RELEASE\plugins\org.eclipse.m2e.maven.runtime_3.9.900.20240824-1409\jars\plexus-interpolation-1.27.jar
2024-12-15 17:23:50,013 [Worker-21: Launching spring_boot_backend_template (1)] INFO  o.eclipse.m2e.core.internal.Bundles - 	Entry: F:\Offline_Softwares for Windows\AdvJava_Softwares\STS_4.x\Windows\sts-4.27.0.RELEASE\plugins\org.eclipse.m2e.maven.runtime_3.9.900.20240824-1409\jars\plexus-sec-dispatcher-2.0.jar
2024-12-15 17:23:50,013 [Worker-21: Launching spring_boot_backend_template (1)] INFO  o.eclipse.m2e.core.internal.Bundles - 	Entry: F:\Offline_Softwares for Windows\AdvJava_Softwares\STS_4.x\Windows\sts-4.27.0.RELEASE\plugins\org.eclipse.m2e.maven.runtime_3.9.900.20240824-1409\jars\plexus-utils-3.5.1.jar
2024-12-15 17:23:50,013 [Worker-21: Launching spring_boot_backend_template (1)] INFO  o.eclipse.m2e.core.internal.Bundles - 	Entry: F:\Offline_Softwares for Windows\AdvJava_Softwares\STS_4.x\Windows\sts-4.27.0.RELEASE\plugins\org.eclipse.m2e.maven.runtime_3.9.900.20240824-1409\jars\plexus-xml-3.0.1.jar
2024-12-15 17:23:50,013 [Worker-21: Launching spring_boot_backend_template (1)] INFO  o.eclipse.m2e.core.internal.Bundles - 	Entry: F:\Offline_Softwares for Windows\AdvJava_Softwares\STS_4.x\Windows\sts-4.27.0.RELEASE\plugins\org.eclipse.m2e.maven.runtime_3.9.900.20240824-1409\jars\wagon-file-3.5.3.jar
2024-12-15 17:23:50,013 [Worker-21: Launching spring_boot_backend_template (1)] INFO  o.eclipse.m2e.core.internal.Bundles - 	Entry: F:\Offline_Softwares for Windows\AdvJava_Softwares\STS_4.x\Windows\sts-4.27.0.RELEASE\plugins\org.eclipse.m2e.maven.runtime_3.9.900.20240824-1409\jars\wagon-http-3.5.3.jar
2024-12-15 17:23:50,013 [Worker-21: Launching spring_boot_backend_template (1)] INFO  o.eclipse.m2e.core.internal.Bundles - 	Entry: F:\Offline_Softwares for Windows\AdvJava_Softwares\STS_4.x\Windows\sts-4.27.0.RELEASE\plugins\org.eclipse.m2e.maven.runtime_3.9.900.20240824-1409\jars\wagon-http-shared-3.5.3.jar
2024-12-15 17:23:50,013 [Worker-21: Launching spring_boot_backend_template (1)] INFO  o.eclipse.m2e.core.internal.Bundles - 	Entry: F:\Offline_Softwares for Windows\AdvJava_Softwares\STS_4.x\Windows\sts-4.27.0.RELEASE\plugins\org.eclipse.m2e.maven.runtime_3.9.900.20240824-1409\jars\wagon-provider-api-3.5.3.jar
2024-12-15 17:23:50,013 [Worker-21: Launching spring_boot_backend_template (1)] INFO  o.eclipse.m2e.core.internal.Bundles - getClasspathEntries(Bundle=com.google.guava_33.3.1.jre [29])
2024-12-15 17:23:50,013 [Worker-21: Launching spring_boot_backend_template (1)] INFO  o.eclipse.m2e.core.internal.Bundles - 	Entry: F:\Offline_Softwares for Windows\AdvJava_Softwares\STS_4.x\Windows\sts-4.27.0.RELEASE\plugins\com.google.guava_33.3.1.jre.jar
2024-12-15 17:23:50,013 [Worker-21: Launching spring_boot_backend_template (1)] INFO  o.eclipse.m2e.core.internal.Bundles - getClasspathEntries(Bundle=slf4j.api_2.0.16 [615])
2024-12-15 17:23:50,014 [Worker-21: Launching spring_boot_backend_template (1)] INFO  o.eclipse.m2e.core.internal.Bundles - 	Entry: F:\Offline_Softwares for Windows\AdvJava_Softwares\STS_4.x\Windows\sts-4.27.0.RELEASE\plugins\slf4j.api_2.0.16.jar
2024-12-15 17:23:50,014 [Worker-21: Launching spring_boot_backend_template (1)] INFO  o.eclipse.m2e.core.internal.Bundles - getClasspathEntries(Bundle=jakarta.inject.jakarta.inject-api_1.0.5 [45])
2024-12-15 17:23:50,014 [Worker-21: Launching spring_boot_backend_template (1)] INFO  o.eclipse.m2e.core.internal.Bundles - 	Entry: F:\Offline_Softwares for Windows\AdvJava_Softwares\STS_4.x\Windows\sts-4.27.0.RELEASE\plugins\jakarta.inject.jakarta.inject-api_1.0.5.jar
2024-12-15 17:23:50,014 [Worker-21: Launching spring_boot_backend_template (1)] INFO  o.eclipse.m2e.core.internal.Bundles - getClasspathEntries(Bundle=jakarta.annotation-api_1.3.5 [41])
2024-12-15 17:23:50,014 [Worker-21: Launching spring_boot_backend_template (1)] INFO  o.eclipse.m2e.core.internal.Bundles - 	Entry: F:\Offline_Softwares for Windows\AdvJava_Softwares\STS_4.x\Windows\sts-4.27.0.RELEASE\plugins\jakarta.annotation-api_1.3.5.jar
2024-12-15 17:23:50,015 [Worker-21: Launching spring_boot_backend_template (1)] INFO  o.eclipse.m2e.core.internal.Bundles - getClasspathEntries(Bundle=org.apache.commons.cli_1.9.0 [78])
2024-12-15 17:23:50,015 [Worker-21: Launching spring_boot_backend_template (1)] INFO  o.eclipse.m2e.core.internal.Bundles - 	Entry: F:\Offline_Softwares for Windows\AdvJava_Softwares\STS_4.x\Windows\sts-4.27.0.RELEASE\plugins\org.apache.commons.cli_1.9.0.jar
2024-12-15 17:23:50,015 [Worker-21: Launching spring_boot_backend_template (1)] INFO  o.eclipse.m2e.core.internal.Bundles - getClasspathEntries(Bundle=org.apache.commons.commons-codec_1.16.0 [81])
2024-12-15 17:23:50,015 [Worker-21: Launching spring_boot_backend_template (1)] INFO  o.eclipse.m2e.core.internal.Bundles - 	Entry: F:\Offline_Softwares for Windows\AdvJava_Softwares\STS_4.x\Windows\sts-4.27.0.RELEASE\plugins\org.apache.commons.commons-codec_1.16.0.jar
2024-12-15 17:23:50,015 [Worker-21: Launching spring_boot_backend_template (1)] INFO  o.eclipse.m2e.core.internal.Bundles - getClasspathEntries(Bundle=com.google.guava.failureaccess_1.0.2 [30])
2024-12-15 17:23:50,015 [Worker-21: Launching spring_boot_backend_template (1)] INFO  o.eclipse.m2e.core.internal.Bundles - 	Entry: F:\Offline_Softwares for Windows\AdvJava_Softwares\STS_4.x\Windows\sts-4.27.0.RELEASE\plugins\com.google.guava.failureaccess_1.0.2.jar
2024-12-15 17:23:50,017 [Worker-21: Launching spring_boot_backend_template (1)] INFO  o.e.m.i.launch.MavenLaunchDelegate - Run build in "C:\Users\Diksha\Desktop\Java\ProjectCricket\spring_boot_backend_template":
2024-12-15 17:23:50,017 [Worker-21: Launching spring_boot_backend_template (1)] INFO  o.e.m.i.launch.MavenLaunchDelegate -  mvn  -B -Dstyle.color=always clean compile
2024-12-15 17:25:17,537 [Worker-22: Building] INFO  o.a.m.s.f.DefaultMavenResourcesFiltering - Copying 1 resource from src\main\resources to target\classes
2024-12-15 17:25:17,541 [Worker-22: Building] INFO  o.a.m.s.f.DefaultMavenResourcesFiltering - Copying 0 resource from src\main\resources to target\classes
2024-12-15 17:25:17,543 [Worker-22: Building] INFO  o.a.m.s.f.DefaultMavenResourcesFiltering - skip non existing resourceDirectory C:\Users\Diksha\Desktop\Java\ProjectCricket\spring_boot_backend_template\src\test\resources
2024-12-15 17:25:46,601 [Worker-19: Building] INFO  o.a.m.s.f.DefaultMavenResourcesFiltering - Copying 1 resource from src\main\resources to target\classes
2024-12-15 17:25:46,608 [Worker-19: Building] INFO  o.a.m.s.f.DefaultMavenResourcesFiltering - Copying 0 resource from src\main\resources to target\classes
2024-12-15 17:25:46,610 [Worker-19: Building] INFO  o.a.m.s.f.DefaultMavenResourcesFiltering - skip non existing resourceDirectory C:\Users\Diksha\Desktop\Java\ProjectCricket\spring_boot_backend_template\src\test\resources
2024-12-15 17:26:06,942 [Worker-23: Updating Maven Project] INFO  o.e.m.c.i.p.ProjectConfigurationManager - Update started
2024-12-15 17:26:07,112 [Worker-23: Updating Maven Project] INFO  o.e.m.c.i.l.LifecycleMappingFactory - Using org.eclipse.m2e.jdt.JarLifecycleMapping lifecycle mapping for MavenProject: com.cricket:spring_boot_backend_template:0.0.1-SNAPSHOT @ C:\Users\Diksha\Desktop\Java\ProjectCricket\spring_boot_backend_template\pom.xml.
2024-12-15 17:26:07,748 [Worker-23: Updating Maven Project] INFO  o.e.m.j.i.AbstractJavaProjectConfigurator - Adding source folder /spring_boot_backend_template/src/main/java
2024-12-15 17:26:07,748 [Worker-23: Updating Maven Project] INFO  o.e.m.j.i.AbstractJavaProjectConfigurator - Adding resource folder /spring_boot_backend_template/src/main/resources
2024-12-15 17:26:07,749 [Worker-23: Updating Maven Project] INFO  o.e.m.j.i.AbstractJavaProjectConfigurator - Adding resource folder /spring_boot_backend_template/src/main/resources
2024-12-15 17:26:07,749 [Worker-23: Updating Maven Project] INFO  o.e.m.j.i.AbstractJavaProjectConfigurator - Adding source folder /spring_boot_backend_template/src/test/java
2024-12-15 17:26:07,749 [Worker-23: Updating Maven Project] INFO  o.e.m.j.i.AbstractJavaProjectConfigurator - Adding resource folder /spring_boot_backend_template/src/test/resources
2024-12-15 17:26:08,003 [Worker-23: Updating Maven Project] INFO  o.e.m.c.i.p.ProjectConfigurationManager - Update completed for 1 poms: local refresh takes 0.00 sec, refresh facades takes 0.00 sec, update config takes 0.00 sec 
2024-12-15 17:26:08,392 [Worker-15: Building] INFO  o.a.m.s.f.DefaultMavenResourcesFiltering - Copying 1 resource from src\main\resources to target\classes
2024-12-15 17:26:08,407 [Worker-15: Building] INFO  o.a.m.s.f.DefaultMavenResourcesFiltering - Copying 0 resource from src\main\resources to target\classes
2024-12-15 17:26:08,413 [Worker-15: Building] INFO  o.a.m.s.f.DefaultMavenResourcesFiltering - skip non existing resourceDirectory C:\Users\Diksha\Desktop\Java\ProjectCricket\spring_boot_backend_template\src\test\resources
2024-12-15 17:28:03,233 [Worker-6: Building] INFO  o.a.m.s.f.DefaultMavenResourcesFiltering - Copying 1 resource from src\main\resources to target\classes
2024-12-15 17:28:03,240 [Worker-6: Building] INFO  o.a.m.s.f.DefaultMavenResourcesFiltering - Copying 0 resource from src\main\resources to target\classes
2024-12-15 17:28:03,242 [Worker-6: Building] INFO  o.a.m.s.f.DefaultMavenResourcesFiltering - skip non existing resourceDirectory C:\Users\Diksha\Desktop\Java\ProjectCricket\spring_boot_backend_template\src\test\resources
2024-12-15 17:28:10,517 [Worker-15: Updating Maven Project] INFO  o.e.m.c.i.p.ProjectConfigurationManager - Update started
2024-12-15 17:28:10,732 [Worker-15: Updating Maven Project] INFO  o.e.m.c.i.l.LifecycleMappingFactory - Using org.eclipse.m2e.jdt.JarLifecycleMapping lifecycle mapping for MavenProject: com.cricket:spring_boot_backend_template:0.0.1-SNAPSHOT @ C:\Users\Diksha\Desktop\Java\ProjectCricket\spring_boot_backend_template\pom.xml.
2024-12-15 17:28:11,095 [Worker-15: Updating Maven Project] INFO  o.e.m.j.i.AbstractJavaProjectConfigurator - Adding source folder /spring_boot_backend_template/src/main/java
2024-12-15 17:28:11,096 [Worker-15: Updating Maven Project] INFO  o.e.m.j.i.AbstractJavaProjectConfigurator - Adding resource folder /spring_boot_backend_template/src/main/resources
2024-12-15 17:28:11,096 [Worker-15: Updating Maven Project] INFO  o.e.m.j.i.AbstractJavaProjectConfigurator - Adding resource folder /spring_boot_backend_template/src/main/resources
2024-12-15 17:28:11,096 [Worker-15: Updating Maven Project] INFO  o.e.m.j.i.AbstractJavaProjectConfigurator - Adding source folder /spring_boot_backend_template/src/test/java
2024-12-15 17:28:11,097 [Worker-15: Updating Maven Project] INFO  o.e.m.j.i.AbstractJavaProjectConfigurator - Adding resource folder /spring_boot_backend_template/src/test/resources
2024-12-15 17:28:11,314 [Worker-15: Updating Maven Project] INFO  o.e.m.c.i.p.ProjectConfigurationManager - Update completed for 1 poms: local refresh takes 0.00 sec, refresh facades takes 0.00 sec, update config takes 0.00 sec 
2024-12-15 17:28:11,590 [Worker-17: Building] INFO  o.a.m.s.f.DefaultMavenResourcesFiltering - Copying 1 resource from src\main\resources to target\classes
2024-12-15 17:28:11,605 [Worker-17: Building] INFO  o.a.m.s.f.DefaultMavenResourcesFiltering - Copying 0 resource from src\main\resources to target\classes
2024-12-15 17:28:11,611 [Worker-17: Building] INFO  o.a.m.s.f.DefaultMavenResourcesFiltering - skip non existing resourceDirectory C:\Users\Diksha\Desktop\Java\ProjectCricket\spring_boot_backend_template\src\test\resources
2024-12-15 17:33:40,967 [Stop Help Server] INFO  org.eclipse.jetty.server.Server - Stopped oejs.Server@637259dc{STOPPING}[12.0.15,sto=0]
2024-12-15 17:33:40,972 [Stop Help Server] INFO  o.e.jetty.server.AbstractConnector - Stopped ServerConnector@242d7b4f{HTTP/1.1, (http/1.1)}{127.0.0.1:0}
2024-12-15 20:09:37,566 [Worker-7: Loading available Gradle versions] INFO  o.e.b.c.i.u.g.PublishedGradleVersions - Gradle version information cache is up-to-date. Trying to read.
2024-12-15 20:10:23,536 [Worker-16: Building] INFO  o.a.m.s.f.DefaultMavenResourcesFiltering - Copying 1 resource from src\main\resources to target\classes
2024-12-15 20:10:23,594 [Worker-16: Building] INFO  o.a.m.s.f.DefaultMavenResourcesFiltering - Copying 0 resource from src\main\resources to target\classes
2024-12-15 20:10:23,605 [Worker-16: Building] INFO  o.a.m.s.f.DefaultMavenResourcesFiltering - skip non existing resourceDirectory C:\Users\Diksha\Desktop\Java\ProjectCricket\spring_boot_backend_template\src\test\resources
2024-12-15 21:13:57,226 [Worker-6: Loading available Gradle versions] INFO  o.e.b.c.i.u.g.PublishedGradleVersions - Gradle version information cache is up-to-date. Trying to read.
2024-12-15 21:36:44,980 [Worker-4: Loading available Gradle versions] INFO  o.e.b.c.i.u.g.PublishedGradleVersions - Gradle version information cache is up-to-date. Trying to read.
